Godot Engine v4.5.stable.custom_build.ccf4f360d (2025-12-13 10:31:53 UTC) - https://godotengine.org
TextServer: Added interface "Dummy"
TextServer: Added interface "ICU / HarfBuzz / Graphite (Built-in)"
Unrecognized output string "misc2" in mapping:
030000000d0f00000202000000000000,Horipad O Nintendo Switch 2 Controller,a:b1,b:b0,back:b8,dpdown:h0.4,dpleft:h0.8,dpright:h0.2,dpup:h0.1,guide:b12,leftshoulder:b4,leftstick:b10,lefttrigger:b6,leftx:a0,lefty:a1,misc1:b13,misc2:b14,rightshoulder:b5,rightstick:b11,righttrigger:b7,rightx:a2,righty:a3,start:b9,x:b3,y:b2,platform:Windows,
Unrecognized output string "misc2" in mapping:
030000000d0f00009601000000000000,Horipad Steam,a:b0,b:b1,back:b10,dpdown:h0.4,dpleft:h0.8,dpright:h0.2,dpup:h0.1,guide:b12,leftshoulder:b6,leftstick:b13,lefttrigger:b8,leftx:a0,lefty:a1,misc2:b2,paddle1:b5,paddle2:b15,paddle3:b18,paddle4:b19,rightshoulder:b7,rightstick:b14,righttrigger:b9,rightx:a3,righty:a4,start:b11,x:b3,y:b4,platform:Windows,
Unrecognized output string "misc2" in mapping:
030000007e0500006920000000000000,Nintendo Switch 2 Pro Controller,a:b0,b:b1,back:b14,dpdown:b8,dpleft:b10,dpright:b9,dpup:b11,guide:b16,leftshoulder:b12,leftstick:b15,lefttrigger:b13,leftx:a0,lefty:a1~,misc1:b17,misc2:b20,paddle1:b18,paddle2:b19,rightshoulder:b4,rightstick:b7,righttrigger:b5,rightx:a2,righty:a3~,start:b6,x:b2,y:b3,platform:Windows,
Using "default" pen tablet driver...

TextServer: Primary interface set to: "ICU / HarfBuzz / Graphite (Built-in)".
Sentry: DEBUG: starting Sentry SDK version 1.2.0+241f16b
Sentry: DEBUG: Proceeding with automatic initialization.
Sentry: DEBUG: Initializing Sentry SDK
Sentry: DEBUG: adding attachment "C:/Users/runner/AppData/Roaming/Godot/app_userdata/gametwo/logs/godot.log"
Sentry: DEBUG: adding attachment "C:/Users/runner/AppData/Roaming/Godot/app_userdata/gametwo/view-hierarchy.json"
Sentry: INFO: using database path "C:\Users\runner\AppData\Roaming\Godot\app_userdata\gametwo\sentry"
Sentry: DEBUG: starting transport
Sentry: DEBUG: starting background worker thread
Sentry: DEBUG: starting backend
Sentry: DEBUG: background worker thread started
Sentry: DEBUG: starting crashpad backend with handler "C:\gametwo\test\crashpad_handler.exe"
Sentry: DEBUG: using minidump URL "https://o4510290068570112.ingest.de.sentry.io:443/api/4510290070011984/minidump/?sentry_client=sentry.native.godot/0.12.2&sentry_key=3f084e8be7d8e0aa07d43789a5f410aa"
Sentry: DEBUG: registering crashpad WER handler "C:\gametwo\test\crashpad_wer.dll"
Sentry: INFO: started crashpad client handler
Sentry: DEBUG: processing and pruning old runs
Sentry: DEBUG: Starting batching thread
CORE API HASH: 3362464972
EDITOR API HASH: 872196540
SceneTreeFTI: traversal method DEFAULT
Loading resource: res://autoloads/debug_manager.gdc
Loading resource: res://addons/debug_framework/core/debug_action_registry.gdc
Loading resource: res://autoloads/internet_status.gdc
Loading resource: res://firebase/auth.gdc
[ConfigManager] Platform detected: Windows
[ConfigManager] Desktop platform, using res:// config path: res://addons/advanced_logger/settings.cfg
[ConfigManager] Attempting to load config from: res://addons/advanced_logger/settings.cfg
[ConfigManager] File exists: false
[ConfigManager] Standard load result: File not found (7)
[ConfigManager] Config loaded successfully: true
[ConfigManager] Config load failed, final result: File not found
[ConfigManager] Loaded log level: 1 (INFO)
[ALogger] Loading settings from ConfigManager
[ALogger] Loaded log level: 1 (INFO)
[ALogger] Loaded active tags: []
[ALogger] Loaded ignored tags: []
[ALogger] Settings loaded - Level: INFO, Colors: true, Timestamp: true
Loading resource: res://addons/advanced_logger/ios_loader.gdc
Loading resource: res://addons/debug_startup/debug_startup_coordinator.gdc
Loaded system CA certificates
Loading resource: res://.godot/exported/133200997/export-3070c538c03ee49b7677ff960a3f5195-main.scn
Loading resource: res://main.gdc
Loading resource: res://addons/debug_framework/ui/popup_debug.gdc
Loading resource: res://.godot/exported/133200997/export-13d442d548d5d88648fac4c3201f2589-scene_debug.scn
Loading resource: res://addons/debug_framework/ui/debug_menu_controller.gdc
Loading resource: res://.godot/exported/133200997/export-51d66d8db69df8f1fe7009ee60413082-theme_debugmenu.res
Loading resource: res://.godot/exported/133200997/export-1ede653060919c68a6feaf5c7bec4c16-game.scn
Loading resource: res://.godot/exported/133200997/export-32dff1d5446babdf7b2be7ca275d7ae6-card.scn
Loading resource: res://assets/card_images/card_image_0_1.png
Loading resource: res://.godot/imported/card_image_0_1.png-0931e78cf76b24975f5323aa09930697.ctex
Loading resource: res://.godot/exported/133200997/export-64fe7ea7bb5937d6585d03be498ee5b1-card_vignette.res
Loading resource: res://assets/shaders/card_vignette.gdshader
Loading resource: res://assets/corners.png
Loading resource: res://.godot/imported/corners.png-194868510a3039e0b1b645d74979cd08.ctex
Loading resource: res://.godot/exported/133200997/export-acd639ebd6c920cda1faf1f000c35032-panel_card.res
Loading resource: res://assets/testart/ui_test_1.png
Loading resource: res://.godot/imported/ui_test_1.png-79606df6039ad020bbe1efb062f23146.ctex
Loading resource: res://core/card/card_level_icon.gdc
Loading resource: res://.godot/exported/133200997/export-2e0623f1705dbedbd3c94840231b5e27-font_card_stat_num.res
Loading resource: res://assets/fonts/Quintessential/Quintessential-Regular.ttf
Loading resource: res://.godot/imported/Quintessential-Regular.ttf-c735462b4dfb8cfa620a702de64d3b4c.fontdata
Loading resource: res://assets/testart/ui_test_9.png
Loading resource: res://.godot/imported/ui_test_9.png-88cb2df9677593d9ef5e0ed169232c61.ctex
Loading resource: res://.godot/exported/133200997/export-dbea27ce9aba82d6e15e6018b02b54c4-icon_level.scn
Loading resource: res://assets/testart/icon_level_4.png
Loading resource: res://.godot/imported/icon_level_4.png-6e6f7fb7e512ddc7aebe67446c98ed69.ctex
Loading resource: res://assets/testart/ui_test_11.png
Loading resource: res://.godot/imported/ui_test_11.png-d732a5e0d8ab911078e386c8ae4b7afe.ctex
Loading resource: res://assets/testart/ui_test_13.png
Loading resource: res://.godot/imported/ui_test_13.png-afc56256ba8033e71ab5e316ca0a1613.ctex
Loading resource: res://assets/testart/ui_test_8.png
Loading resource: res://.godot/imported/ui_test_8.png-8453bc9727b9ba8dd7d54480478081b6.ctex
Loading resource: res://assets/testart/draft_background_test_2.png
Loading resource: res://.godot/imported/draft_background_test_2.png-6db9147740646fae6b6ae68aaee1b408.ctex
Loading resource: res://.godot/exported/133200997/export-7d00af0031fcf4f631b1c072d76ef51c-card_tag.scn
Loading resource: res://.godot/exported/133200997/export-7a0cac38cf55289d92a18b5012bd2e3d-font_card_text.res
Loading resource: res://core/safe_zone.gdc
Loading resource: res://assets/ui/ui_bar_1.png
Loading resource: res://.godot/imported/ui_bar_1.png-3edfaf857c2ccdce51a5b585420505f5.ctex
Loading resource: res://core/top_bar.gdc
Loading resource: res://assets/test_board_pattern_3.png
Loading resource: res://.godot/imported/test_board_pattern_3.png-e3acc2a427398331a24724bb3bf10529.ctex
Loading resource: res://.godot/exported/133200997/export-db2286b5087fe8649b026a6645e1b9dd-grid_pos.scn
Loading resource: res://assets/ui/ui_bar_2.png
Loading resource: res://.godot/imported/ui_bar_2.png-acabc4060c016a9601a803bca406cebc.ctex
Loading resource: res://.godot/exported/133200997/export-dd2042ab61f51edd41469864146349c2-hold_bar.scn
Loading resource: res://core/hold_bar.gdc
Loading resource: res://.godot/exported/133200997/export-80029d2328465d1547513a45126bf6cd-hold_button.scn
Loading resource: res://assets/ui/icons/button_triangle_green.png
Loading resource: res://.godot/imported/button_triangle_green.png-31b4f63127568812a3bca19a4174acfe.ctex
Loading resource: res://assets/ui/icons/button_triangle_red.png
Loading resource: res://.godot/imported/button_triangle_red.png-4dc27dca513591a18ed7e873a38030d2.ctex
Loading resource: res://.godot/exported/133200997/export-9ffac05c7437d2088e75eade3f1b7e5b-levels_default.res
Loading resource: res://.godot/exported/133200997/export-f3a0e8aa85b455f425caf00833cc14ce-draft_level_0.scn
Loading resource: res://core/clicker/tileset_test2.res
Loading resource: res://assets/testart/brickSpecial03.png
Loading resource: res://.godot/imported/brickSpecial03.png-d437e0c700fceae642af751cfab95915.ctex
Loading resource: res://assets/testart/brickSpecial01.png
Loading resource: res://.godot/imported/brickSpecial01.png-4b901d8ba838042be7fdf819ca01a07a.ctex
Loading resource: res://assets/testart/brickSpecial09.png
Loading resource: res://.godot/imported/brickSpecial09.png-2604b97b9fd2e23564c1a49732e5e4d5.ctex
Loading resource: res://assets/testart/brickSpecial08.png
Loading resource: res://.godot/imported/brickSpecial08.png-1c72e42a9f35b863e6389eb624441d78.ctex
Loading resource: res://assets/testart/brickSpecial10.png
Loading resource: res://.godot/imported/brickSpecial10.png-b945a89551765483c02cdbd5a064ee23.ctex
Loading resource: res://assets/testart/brickSpecial02.png
Loading resource: res://.godot/imported/brickSpecial02.png-59903b3a944892870ba29e320b6158b8.ctex
Loading resource: res://assets/testart/block_blocker.png
Loading resource: res://.godot/imported/block_blocker.png-264c6c0f285804a09c53ae3c4254c676.ctex
Loading resource: res://.godot/exported/133200997/export-f94199500fb0804d12ad9a31aec0bc05-tile_level_01.scn
Loading resource: res://.godot/exported/133200997/export-957fbeaf476452b3e39ad45e5d1cedba-tile_level_02.scn
Loading resource: res://.godot/exported/133200997/export-1222a75619e3c4c3f25806ded3f6d4c7-tile_level_03.scn
Loading resource: res://.godot/exported/133200997/export-4411c8abb187b0bfbbce5cd1443adcc3-tile_level_04.scn
Loading resource: res://.godot/exported/133200997/export-f79c7c46392d0fdac493e20bd03b2fc3-tile_level_05.scn
Loading resource: res://.godot/exported/133200997/export-65697345ffae6522fba3e5abab0fbbb2-block_factory.res
Loading resource: res://.godot/exported/133200997/export-b5fe8aea4ecee9fa1d1d304786681304-block_progress_1.scn
Loading resource: res://.godot/exported/133200997/export-0df1cb194d6827ca9ba51bd404145562-base_block.scn
Loading resource: res://core/clicker/blocks/block_progress.gdc
Sentry: DEBUG: sending envelope
Sentry: DEBUG: submitting task to background worker thread
Loading resource: res://assets/testart/tile_test_9.png
Sentry: DEBUG: executing task on worker thread
Loading resource: res://.godot/imported/tile_test_9.png-8bd15112006f1a577d0d5866d7edc05a.ctex
Sentry: DEBUG: sending request using winhttp to "https://o4510290068570112.ingest.de.sentry.io:443/api/4510290070011984/envelope/":
x-sentry-auth:Sentry sentry_key=3f084e8be7d8e0aa07d43789a5f410aa, sentry_version=7, sentry_client=sentry.native.godot/0.12.2
content-type:application/x-sentry-envelope
content-length:66206

Loading resource: res://.godot/exported/133200997/export-2ff5e658126816ee656793f1318b23d1-block_progress_2.scn
Loading resource: res://assets/testart/tile_test_10.png
Loading resource: res://.godot/imported/tile_test_10.png-88866db6e693d9c09dc7a5a75bae47d9.ctex
Loading resource: res://.godot/exported/133200997/export-da35ff1045b0f350a08e8a0d68906184-block_progress_3.scn
Loading resource: res://assets/testart/tile_test_11.png
Loading resource: res://.godot/imported/tile_test_11.png-e58ba1ca81894aaa1048074ca68dd3f8.ctex
Loading resource: res://.godot/exported/133200997/export-5c6f58daeb7132ae1f352ea671c0f44f-block_lock.scn
Loading resource: res://core/clicker/blocks/locked_block.gdc
Loading resource: res://assets/testart/tile_test_7.png
Loading resource: res://.godot/imported/tile_test_7.png-a3147a7876c586a22dacc179134c7141.ctex
Loading resource: res://.godot/exported/133200997/export-6dbc5c6ab871a6268087c21d464d7994-block_void.scn
Loading resource: res://core/clicker/blocks/nospace_block.gdc
Loading resource: res://assets/testart/tile_test_5.png
Loading resource: res://.godot/imported/tile_test_5.png-f4b2a717a1c17b0b6abbc4a69383cffa.ctex
Loading resource: res://.godot/exported/133200997/export-d19115eec9f7f01640af50fdb85241cd-block_portal.scn
Loading resource: res://core/clicker/blocks/passtrough_block.gdc
Loading resource: res://assets/testart/icon_test_4.png
Loading resource: res://.godot/imported/icon_test_4.png-b98fa2850a1e4ac12d830e47bbe70aa1.ctex
Loading resource: res://.godot/exported/133200997/export-89057121b1718123096b816a7d37da87-block_items.scn
Loading resource: res://assets/testart/tile_test_6.png
Loading resource: res://.godot/imported/tile_test_6.png-4fbdd4b74384fdb65ad09e7e5267b1c8.ctex
Loading resource: res://.godot/exported/133200997/export-652dd5e01b11a8f98e6bba1cac2098ae-block_empty.scn
Loading resource: res://core/bottom_bar_draft.gdc
Loading resource: res://assets/ui/ui_button_round.png
Loading resource: res://.godot/imported/ui_button_round.png-e0c9f3c7885de51e89443caa9086fcf4.ctex
Loading resource: res://assets/testart/icon_attacking_3.png
Loading resource: res://.godot/imported/icon_attacking_3.png-789b3b9b1eccaf1faa14f5ccb4f5594a.ctex
Loading resource: res://assets/testart/icon_upgrade.png
Loading resource: res://.godot/imported/icon_upgrade.png-4b73836cea13360cb055558b28c947ff.ctex
Loading resource: res://.godot/exported/133200997/export-9ac6a9ded7c309fbc5e1cd718c481277-font_card_title.res
Loading resource: res://assets/testart/icon_coins.png
Loading resource: res://.godot/imported/icon_coins.png-5d931ab2a614d27a35317cad7928a25c.ctex
Loading resource: res://assets/testart/icon_twirl.png
Loading resource: res://.godot/imported/icon_twirl.png-30fd86e6713ba748cae064cb268e1c60.ctex
Loading resource: res://core/bottom_bar_prepare.gdc
Loading resource: res://assets/testart/icon_lock.png
Loading resource: res://.godot/imported/icon_lock.png-7a3506257588e20512eb6c349e5e5abb.ctex
Loading resource: res://core/canvas_layer_unhandled_events.gdc
Loading resource: res://core/canvas_layer_background.gdc
Loading resource: res://assets/testart/prepare_background_test_2.png
Loading resource: res://.godot/imported/prepare_background_test_2.png-5a91bb5177e3849c66ac15477b0e82f7.ctex
Loading resource: res://assets/testart/prepare_background_test_1.png
Loading resource: res://.godot/imported/prepare_background_test_1.png-a5972de55bcf29fabcdd862a681be279.ctex
2025-12-18 01:23:16 INFO       [debug, system]                               DebugManager (Global Event Bus) initialized. (debug_manager.gd:29)
2025-12-18 01:23:16 INFO       [debug, system]                               Initializing debug action registry... (debug_action_registry.gd:16)
Loading resource: res://debug/actions/registrations/system_actions.gdc
Sentry: DEBUG: received response:
HTTP/1.1 200 OK
Date: Thu, 18 Dec 2025 09:23:16 GMT
Via: 1.1 google
Content-Length: 2
Content-Type: application/json
Server: nginx
Vary: origin, access-control-request-method, access-control-request-headers
access-control-allow-origin: *
access-control-expose-headers: x-sentry-error,x-sentry-rate-limits,retry-after
cross-origin-resource-policy: cross-origin
strict-transport-security: max-age=31536000; includeSubDomains; preload
Alt-Svc: h3=":443"; ma=2592000,h3-29=":443"; ma=2592000


Sentry: DEBUG: request handled in 253ms
2025-12-18 01:23:16 INFO       [debug, integrity, registration]              Registering integrity validation actions (system_actions.gd:173)
2025-12-18 01:23:16 INFO       [debug, test, registration]                   Registering test actions (system_actions.gd:181)
2025-12-18 01:23:16 INFO       [debug, system]                               System debug actions registered (system_actions.gd:29)
Loading resource: res://debug/actions/registrations/cpp_firebase_actions.gdc
2025-12-18 01:23:16 INFO       [debug, registration]                         Registering C++ Firebase debug actions... (registration_helper.gd:15)
2025-12-18 01:23:16 INFO       [debug, registration]                         C++ Firebase debug actions registration completed { "total_actions": 9, "failed_actions": 0 } (registration_helper.gd:33)
Loading resource: res://debug/actions/registrations/backend_firebase_actions.gdc
2025-12-18 01:23:16 INFO       [debug, registration]                         Registering Backend Firebase debug actions... (registration_helper.gd:15)
2025-12-18 01:23:16 INFO       [debug, registration]                         Backend Firebase debug actions registration completed { "total_actions": 10, "failed_actions": 0 } (registration_helper.gd:33)
Loading resource: res://debug/actions/registrations/rtdb_actions.gdc
2025-12-18 01:23:16 INFO       [debug, RTDB, registration]                   Registering RTDB debug actions... (registration_helper.gd:15)
2025-12-18 01:23:16 INFO       [debug, RTDB, registration]                   RTDB debug actions registration completed { "total_actions": 19, "failed_actions": 0 } (registration_helper.gd:33)
Loading resource: res://debug/actions/registrations/game_actions.gdc
2025-12-18 01:23:16 INFO       [debug, game]                                 Game debug actions registered (game_actions.gd:15)
Loading resource: res://debug/actions/registrations/firebase_debug_actions.gdc
2025-12-18 01:23:16 INFO       [debug, registration]                         Registering Firebase Debug debug actions... (registration_helper.gd:15)
2025-12-18 01:23:16 INFO       [debug, registration]                         Firebase Debug debug actions registration completed { "total_actions": 1, "failed_actions": 0 } (registration_helper.gd:33)
Loading resource: res://debug/actions/registrations/sentry_debug_actions.gdc
2025-12-18 01:23:16 INFO       [debug, registration]                         Registering Sentry Debug debug actions... (registration_helper.gd:15)
2025-12-18 01:23:16 INFO       [debug, registration]                         Sentry Debug debug actions registration completed { "total_actions": 5, "failed_actions": 0 } (registration_helper.gd:33)
2025-12-18 01:23:16 INFO       [debug, init]                                 Debug action registry initialized { "total_actions": 98, "categories": 12, "init_time_ms": 314 } (debug_action_registry.gd:22)
2025-12-18 01:23:16 INFO       [network]                                     Internet status checker (HTTPRequest) initialized (internet_status.gd:14)
Loading resource: res://firebase/firebase_rate_limiter.gdc
2025-12-18 01:23:16 INFO       [firebase, rate_limiter]                      FirebaseRateLimiter initialized { "min_delay_ms": 20, "max_delay_ms": 1000, "burst_limit": 8, "circuit_breaker_threshold": 5 } (firebase_rate_limiter.gd:34)
2025-12-18 01:23:16 INFO       [firebase, initialization]                    FirebaseService _ready() called - using LAZY INITIALIZATION { "platform": "Windows", "node_name": &"FirebaseService" } (firebase_service.gd:24)
2025-12-18 01:23:16 INFO       [firebase, initialization, auth]              Firebase Auth module available (auth.gd:70)
[Auth] started
[Auth] Creating firebase app
[Firebase] Creating app (Windows)
[Firebase] Success creating app
[Auth] firebase app created successfully
[Auth] Creating singleton
2025-12-18 01:23:16 WARNING    [facebook, error]                             Facebook plugin not found! (facebook.gd:33)
2025-12-18 01:23:16 INFO       [database]                                    DataSource initializing { "instance_id": 146230216015 } (data_source.gd:22)
2025-12-18 01:23:16 INFO       [debug, rng, initialization]                  RNG autoload initialized with hardcoded default seed { "seed": 12345, "source": "hardcoded_default" } (seeded_rng_singleton.gd:35)
2025-12-18 01:23:16 INFO       [debug, rng, initialization, complete]        RNG autoload initialization complete { "final_seed": 12345, "source": "hardcoded_default", "initial_state": -7751912382566491497 } (seeded_rng_singleton.gd:44)
2025-12-18 01:23:16 INFO       [ui, system]                                  UI autoload initialized (ui.gd:93)
2025-12-18 01:23:16 INFO       [system]                                      Core autoload initialized (core.gd:316)
2025-12-18 01:23:16 INFO       [task218, coordinator, ready, diagnostic_d... TASK218_COORDINATOR_READY_WITH_DIAGNOSTICS { "version": "diagnostic_v2_rng_fix", "timestamp": 1766049796.657, "frame": 0 } (debug_startup_coordinator.gd:19)
2025-12-18 01:23:16 INFO       [system, fastbuild_validation]                FASTBUILD_VALIDATION_TEST: This message confirms code changes are deployed properly { "timestamp": 1766049796.666 } (game.gd:55)
2025-12-18 01:23:16 INFO       [system, initialization]                      Main scene initialized (main.gd:13)
============================================
Advanced Logger debug filter logging DISABLED
============================================
2025-12-18 01:23:16 INFO       [system, initialization]                      Command line arguments debug { "cmdline_args": ["--test-mode", "--auto-quit"], "cmdline_user_args": [], "cmdline_args_size": 2, "cmdline_user_args_size": 0 } (main.gd:19)
2025-12-18 01:23:16 INFO       [system, initialization]                      Running on Windows platform (main.gd:44)
2025-12-18 01:23:16 INFO       [system, initialization, test]                Desktop test mode detection { "is_test_mode": true, "cmdline_args": ["--test-mode", "--auto-quit"], "platform_name": "Windows" } (main.gd:66)
2025-12-18 01:23:16 INFO       [system, initialization]                      Waiting for game initialization to complete (main.gd:111)
Sentry: DEBUG: initializing contexts
2025-12-18 01:23:16 INFO       [database]                                    Backend selection starting { "is_editor": false, "force_local_data": false, "platform": "Windows" } (backend_factory.gd:13)
2025-12-18 01:23:16 INFO       [database, firebase]                          Attempting Firebase backend (unified cross-platform logic) (backend_factory.gd:28)
2025-12-18 01:23:16 INFO       [firebase, initialization]                    FirebaseServiceBackend _init (Service-Oriented Pattern) { "instance_id": "-9223371738203551254" } (firebase_service_backend.gd:22)
2025-12-18 01:23:16 INFO       [database, firebase]                          FirebaseServiceBackend created successfully { "instance_id": -9223371738203551254 } (backend_factory.gd:92)
Sentry: DEBUG: sending envelope
Sentry: DEBUG: submitting task to background worker thread
Sentry: DEBUG: executing task on worker thread
Sentry: DEBUG: sending request using winhttp to "https://o4510290068570112.ingest.de.sentry.io:443/api/4510290070011984/envelope/":
x-sentry-auth:Sentry sentry_key=3f084e8be7d8e0aa07d43789a5f410aa, sentry_version=7, sentry_client=sentry.native.godot/0.12.2
content-type:application/x-sentry-envelope
content-length:69509

2025-12-18 01:23:16 INFO       [firebase, initialization]                    LAZY INITIALIZATION: Initializing Firebase on first use { "platform": "Windows" } (firebase_service.gd:129)
2025-12-18 01:23:16 INFO       [firebase]                                    Step 1 SUCCESS: FirebaseDatabase class found in ClassDB (firebase_service.gd:50)
[RTDB C++] FirebaseDatabase Singleton Constructor called.
[RTDB C++] Thread-safe initializing Firebase RTDB Module...
[RTDB C++] Firebase Database instance obtained successfully.
[RTDB C++] Listener instances created.
[RTDB C++] Firebase RTDB Module initialized successfully (thread-safe).
2025-12-18 01:23:16 INFO       [firebase]                                    Step 2 SUCCESS: FirebaseDatabase C++ instance created { "instance_id": -9223371737549239828 } (firebase_service.gd:69)
2025-12-18 01:23:16 INFO       [firebase]                                    Step 3 SUCCESS: FirebaseDatabaseWrapper created { "db_instance_id": -9223371737549239828, "wrapper_valid": true } (firebase_service.gd:92)
2025-12-18 01:23:16 INFO       [firebase, initialization]                    C++ signal connection complete { "connected": 8, "total": 8, "failed": 0, "success": true } (firebase_service.gd:537)
2025-12-18 01:23:16 INFO       [firebase]                                    Step 4 SUCCESS: C++ signals connected (firebase_service.gd:110)
2025-12-18 01:23:16 INFO       [firebase, initialization]                    INITIALIZATION COMPLETE: Firebase service initialized successfully { "platform": "Windows", "total_time_ms": 3249, "is_available": true } (firebase_service.gd:114)
2025-12-18 01:23:16 INFO       [firebase, initialization]                    DatabaseService: Listener signal connection complete { "connected": 3, "total": 3 } (database_service.gd:401)
2025-12-18 01:23:16 INFO       [firebase, initialization]                    DatabaseService initialized { "service_id": -9223371736626492946 } (database_service.gd:36)
2025-12-18 01:23:16 INFO       [firebase, database]                          FirebaseServiceBackend initialized successfully (Service-Oriented Pattern) { "instance_id": "-9223371738203551254" } (firebase_service_backend.gd:90)
2025-12-18 01:23:16 INFO       [database]                                    Backend initialized successfully { "instance_id": -9223371738203551254 } (backend_factory.gd:59)
2025-12-18 01:23:16 INFO       [database]                                    CardCollection initialized { "test_group": 0 } (card_collection.gd:15)
2025-12-18 01:23:16 INFO       [database]                                    LevelCollection initialized { "test_group": 0 } (level_collection.gd:14)
2025-12-18 01:23:16 INFO       [database]                                    ItemCollection initialized { "test_group": 0 } (item_collection.gd:17)
2025-12-18 01:23:16 INFO       [database]                                    PlayerCollection initialized (player_collection.gd:7)
2025-12-18 01:23:16 INFO       [database]                                    EventCollection initialized { "test_group": 0 } (event_collection.gd:10)
2025-12-18 01:23:16 INFO       [database]                                    RulesCollection initialized { "test_group": 0 } (rules_collection.gd:10)
2025-12-18 01:23:16 INFO       [database]                                    DataSource initialization complete { "firebase_available": true, "instance_id": 146230216015 } (data_source.gd:58)
2025-12-18 01:23:16 INFO       [cache, database]                             Activating card cache { "instance_id": 146230216015 } (data_source.gd:187)
2025-12-18 01:23:16 INFO       [database]                                    Getting all cards { "use_cache": true, "cache_initialized": false, "collection_name": "cards", "collection_key": "cards_0", "collection_id": -9223371735905072657, "stack_trace": [{ "function": "_get_stack_trace", "file": "card_collection.gd", "line": 240 }, { "function": "get_all", "file": "card_collection.gd", "line": 32 }] } (card_collection.gd:32)
[RTDB C++] GetValue ReqID:1 Path (GDScript Array): ["1WTKwZ8aXSeQVEVT8qeNtwUZepVZh7wv5skRGn_zFUsY", "cards_0"] -> URL: https://gametwo-89299-default-rtdb.europe-west1.firebasedatabase.app/1WTKwZ8aXSeQVEVT8qeNtwUZepVZh7wv5skRGn_zFUsY/cards_0
Sentry: DEBUG: received response:
HTTP/1.1 200 OK
Date: Thu, 18 Dec 2025 09:23:17 GMT
Via: 1.1 google
Content-Length: 2
Content-Type: application/json
Server: nginx
Vary: origin, access-control-request-method, access-control-request-headers
access-control-allow-origin: *
access-control-expose-headers: x-sentry-error,x-sentry-rate-limits,retry-after
cross-origin-resource-policy: cross-origin
strict-transport-security: max-age=31536000; includeSubDomains; preload
Alt-Svc: h3=":443"; ma=2592000,h3-29=":443"; ma=2592000


Sentry: DEBUG: request handled in 66ms
[RTDB C++] GetValue ReqID:1 Main thread handler - Success. Key='cards_0'
2025-12-18 01:23:16 INFO       [database]                                    Retrieved all cards { "count": 19, "collection_name": "cards", "collection_key": "cards_0", "empty_result": false, "duration_ms": 91, "collection_id": -9223371735905072657 } (card_collection.gd:172)
2025-12-18 01:23:16 INFO       [cache, database]                             Card cache activated { "count": 19, "duration_ms": 95, "data_source": "firebase", "instance_id": 146230216015 } (data_source.gd:196)
2025-12-18 01:23:16 INFO       [cache, database]                             Activating rules cache { "instance_id": 146230216015 } (data_source.gd:209)
2025-12-18 01:23:16 INFO       [database]                                    Getting rules data { "collection_name": "rules", "collection_key": "rules_0", "collection_id": -9223371734814553612, "stack_trace": [{ "function": "_get_stack_trace", "file": "rules_collection.gd", "line": 106 }, { "function": "get_rules", "file": "rules_collection.gd", "line": 14 }] } (rules_collection.gd:14)
[RTDB C++] GetValue ReqID:2 Path (GDScript Array): ["1WTKwZ8aXSeQVEVT8qeNtwUZepVZh7wv5skRGn_zFUsY", "rules_0"] -> URL: https://gametwo-89299-default-rtdb.europe-west1.firebasedatabase.app/1WTKwZ8aXSeQVEVT8qeNtwUZepVZh7wv5skRGn_zFUsY/rules_0
[RTDB C++] GetValue ReqID:2 Main thread handler - Success. Key='rules_0'
2025-12-18 01:23:16 INFO       [cache, database]                             Rules cache activated { "rule_count": 20, "duration_ms": 8, "data_source": "firebase", "instance_id": 146230216015 } (data_source.gd:218)
2025-12-18 01:23:16 INFO       [level, initialization]                       Setting up level { "level_name": "default" } (level_controller.gd:40)
2025-12-18 01:23:16 WARNING    [database, cache, warning]                    Rules not found in cache - call activate_rules_cache() first { "collection": "rules", "cache_key": "1WTKwZ8aXSeQVEVT8qeNtwUZepVZh7wv5skRGn_zFUsY//rules_0" } (rules_collection.gd:97)
2025-12-18 01:23:16 WARNING    [database, cache, warning]                    Rules not found in cache - call activate_rules_cache() first { "collection": "rules", "cache_key": "1WTKwZ8aXSeQVEVT8qeNtwUZepVZh7wv5skRGn_zFUsY//rules_0" } (rules_collection.gd:97)
2025-12-18 01:23:16 INFO       [database]                                    Getting card info { "card_id": "12", "use_cache": true } (card_collection.gd:256)
Loading resource: res://.godot/exported/133200997/export-579b0fd3de6f5b19e3372b39bf8996b3-block_base_card.scn
Loading resource: res://assets/frames/frame_icon.png
Loading resource: res://.godot/imported/frame_icon.png-a3e81cd472d2d589bc926b7918ce573e.ctex
Loading resource: res://assets/frames/Frame 21.png
Loading resource: res://.godot/imported/Frame 21.png-d042dcdc9ca45d0fd763769dca2c2f28.ctex
Loading resource: res://assets/frames/Frame 20.png
Loading resource: res://.godot/imported/Frame 20.png-46a24c6397f74f523a66ff9ba027493c.ctex
Loading resource: res://assets/frames/Frame 22.png
Loading resource: res://.godot/imported/Frame 22.png-c5cb67867565725d3d1f202558d0c403.ctex
Loading resource: res://assets/testart/frame_test_1.png
Loading resource: res://.godot/imported/frame_test_1.png-f1782482718888d9c4d0c512d1b4925d.ctex
Loading resource: res://assets/testart/frame_test_2.png
Loading resource: res://.godot/imported/frame_test_2.png-9e6b52ad2d9babb3217db3481825d93b.ctex
Loading resource: res://assets/testart/frame_test_3.png
Loading resource: res://.godot/imported/frame_test_3.png-3ed29fa9eef43e873464893ae1c9dd34.ctex
Loading resource: res://assets/testart/frame_test_4.png
Loading resource: res://.godot/imported/frame_test_4.png-8e2647c00873822e355264269f238313.ctex
Loading resource: res://assets/testart/frame_test_5.png
Loading resource: res://.godot/imported/frame_test_5.png-dd8160ec03e96449bcf0d5fba23b58c3.ctex
Loading resource: res://assets/testart/frame_test_6.png
Loading resource: res://.godot/imported/frame_test_6.png-688314be80c60293b2f440e1a09300d1.ctex
Loading resource: res://assets/testart/frame_test_7.png
Loading resource: res://.godot/imported/frame_test_7.png-73f340cffebf16ac8f06244c0ced0d41.ctex
Loading resource: res://assets/testart/frame_test_8.png
Loading resource: res://.godot/imported/frame_test_8.png-32ceb494fbdba5753a8b09bac290c5bd.ctex
Loading resource: res://assets/testart/frame_test_9.png
Loading resource: res://.godot/imported/frame_test_9.png-2c2d32008f570925fe8c169aa99dbe67.ctex
Loading resource: res://.godot/exported/133200997/export-01491bf95a0053ef92f078898b66f5db-icon_level_small.scn
Loading resource: res://core/card/panel_container_level_top.gdc
Loading resource: res://assets/effects/bubble.png
Loading resource: res://.godot/imported/bubble.png-683bf9094485ef6f389913837db4c502.ctex
2025-12-18 01:23:16 WARNING    [ability, parsing, warning]                   Unknown ability type in create_ability_from_type { "ability_type": "attacktarget", "params": ["backrow"] } (abilities_handler.gd:52)
2025-12-18 01:23:16 INFO       [battle, stat, effect, stat_refresh]          STAT REAPPLICATION COMPLETED - Stats updated { "card_id": "12", "level": 1, "stats_before_attack": 1, "stats_before_health": 1, "stats_after_attack": 4, "stats_after_health": 2, "health_bonus_applied": 0, "attack_bonus_applied": 0, "final_attack": 4, "final_health": 2, "effects_count": 0, "stat_delta_attack": 3, "stat_delta_health": 1 } (unit_behavior.gd:61)
Loading resource: res://assets/card_images/card_image_1_12.png
Loading resource: res://.godot/imported/card_image_1_12.png-e7ce216b939e3df228c1dde33c38af5e.ctex
2025-12-18 01:23:17 WARNING    [database, cache, warning]                    Rules not found in cache - call activate_rules_cache() first { "collection": "rules", "cache_key": "1WTKwZ8aXSeQVEVT8qeNtwUZepVZh7wv5skRGn_zFUsY//rules_0" } (rules_collection.gd:97)
2025-12-18 01:23:17 WARNING    [database, cache, warning]                    Rules not found in cache - call activate_rules_cache() first { "collection": "rules", "cache_key": "1WTKwZ8aXSeQVEVT8qeNtwUZepVZh7wv5skRGn_zFUsY//rules_0" } (rules_collection.gd:97)
2025-12-18 01:23:17 INFO       [database]                                    Getting card info { "card_id": "0", "use_cache": true } (card_collection.gd:256)
Loading resource: res://.godot/exported/133200997/export-579b0fd3de6f5b19e3372b39bf8996b3-block_base_card.scn
Loading resource: res://.godot/exported/133200997/export-01491bf95a0053ef92f078898b66f5db-icon_level_small.scn
2025-12-18 01:23:17 INFO       [battle, stat, effect, stat_refresh]          STAT REAPPLICATION COMPLETED - Stats updated { "card_id": "0", "level": 1, "stats_before_attack": 1, "stats_before_health": 1, "stats_after_attack": 1, "stats_after_health": 1, "health_bonus_applied": 0, "attack_bonus_applied": 0, "final_attack": 1, "final_health": 1, "effects_count": 0, "stat_delta_attack": 0, "stat_delta_health": 0 } (unit_behavior.gd:61)
Loading resource: res://assets/card_images/card_image_1_0.png
Loading resource: res://.godot/imported/card_image_1_0.png-6c27c4cf163b8ea49db34b763610450a.ctex
2025-12-18 01:23:17 WARNING    [database, cache, warning]                    Rules not found in cache - call activate_rules_cache() first { "collection": "rules", "cache_key": "1WTKwZ8aXSeQVEVT8qeNtwUZepVZh7wv5skRGn_zFUsY//rules_0" } (rules_collection.gd:97)
2025-12-18 01:23:17 WARNING    [database, cache, warning]                    Rules not found in cache - call activate_rules_cache() first { "collection": "rules", "cache_key": "1WTKwZ8aXSeQVEVT8qeNtwUZepVZh7wv5skRGn_zFUsY//rules_0" } (rules_collection.gd:97)
2025-12-18 01:23:17 INFO       [database]                                    Getting card info { "card_id": "12", "use_cache": true } (card_collection.gd:256)
Loading resource: res://.godot/exported/133200997/export-579b0fd3de6f5b19e3372b39bf8996b3-block_base_card.scn
Loading resource: res://.godot/exported/133200997/export-01491bf95a0053ef92f078898b66f5db-icon_level_small.scn
2025-12-18 01:23:17 WARNING    [ability, parsing, warning]                   Unknown ability type in create_ability_from_type { "ability_type": "attacktarget", "params": ["backrow"] } (abilities_handler.gd:52)
2025-12-18 01:23:17 INFO       [battle, stat, effect, stat_refresh]          STAT REAPPLICATION COMPLETED - Stats updated { "card_id": "12", "level": 1, "stats_before_attack": 1, "stats_before_health": 1, "stats_after_attack": 4, "stats_after_health": 2, "health_bonus_applied": 0, "attack_bonus_applied": 0, "final_attack": 4, "final_health": 2, "effects_count": 0, "stat_delta_attack": 3, "stat_delta_health": 1 } (unit_behavior.gd:61)
2025-12-18 01:23:17 WARNING    [database, cache, warning]                    Rules not found in cache - call activate_rules_cache() first { "collection": "rules", "cache_key": "1WTKwZ8aXSeQVEVT8qeNtwUZepVZh7wv5skRGn_zFUsY//rules_0" } (rules_collection.gd:97)
2025-12-18 01:23:17 WARNING    [database, cache, warning]                    Rules not found in cache - call activate_rules_cache() first { "collection": "rules", "cache_key": "1WTKwZ8aXSeQVEVT8qeNtwUZepVZh7wv5skRGn_zFUsY//rules_0" } (rules_collection.gd:97)
2025-12-18 01:23:17 INFO       [database]                                    Getting card info { "card_id": "4", "use_cache": true } (card_collection.gd:256)
Loading resource: res://.godot/exported/133200997/export-579b0fd3de6f5b19e3372b39bf8996b3-block_base_card.scn
Loading resource: res://.godot/exported/133200997/export-01491bf95a0053ef92f078898b66f5db-icon_level_small.scn
2025-12-18 01:23:17 WARNING    [ability, parsing, warning]                   Unknown ability type in create_ability_from_type { "ability_type": "dwarf", "params": ["1", "1"] } (abilities_handler.gd:52)
2025-12-18 01:23:17 INFO       [battle, stat, effect, stat_refresh]          STAT REAPPLICATION COMPLETED - Stats updated { "card_id": "4", "level": 1, "stats_before_attack": 1, "stats_before_health": 1, "stats_after_attack": 1, "stats_after_health": 1, "health_bonus_applied": 0, "attack_bonus_applied": 0, "final_attack": 1, "final_health": 1, "effects_count": 0, "stat_delta_attack": 0, "stat_delta_health": 0 } (unit_behavior.gd:61)
Loading resource: res://assets/card_images/card_image_1_4.png
Loading resource: res://.godot/imported/card_image_1_4.png-196d254936bb9f0ea95d4f742c12bd3b.ctex
2025-12-18 01:23:17 WARNING    [database, cache, warning]                    Rules not found in cache - call activate_rules_cache() first { "collection": "rules", "cache_key": "1WTKwZ8aXSeQVEVT8qeNtwUZepVZh7wv5skRGn_zFUsY//rules_0" } (rules_collection.gd:97)
2025-12-18 01:23:17 WARNING    [database, cache, warning]                    Rules not found in cache - call activate_rules_cache() first { "collection": "rules", "cache_key": "1WTKwZ8aXSeQVEVT8qeNtwUZepVZh7wv5skRGn_zFUsY//rules_0" } (rules_collection.gd:97)
Sentry: DEBUG: sending envelope
Sentry: DEBUG: submitting task to background worker thread
Sentry: DEBUG: executing task on worker thread
2025-12-18 01:23:17 INFO       [database]                                    Getting card info { "card_id": "13", "use_cache": true } (card_collection.gd:256)
Sentry: DEBUG: sending request using winhttp to "https://o4510290068570112.ingest.de.sentry.io:443/api/4510290070011984/envelope/":
x-sentry-auth:Sentry sentry_key=3f084e8be7d8e0aa07d43789a5f410aa, sentry_version=7, sentry_client=sentry.native.godot/0.12.2
content-type:application/x-sentry-envelope
content-length:74352

Loading resource: res://.godot/exported/133200997/export-579b0fd3de6f5b19e3372b39bf8996b3-block_base_card.scn
Loading resource: res://.godot/exported/133200997/export-01491bf95a0053ef92f078898b66f5db-icon_level_small.scn
2025-12-18 01:23:17 WARNING    [ability, parsing, warning]                   Unknown ability type in create_ability_from_type { "ability_type": "damage", "params": ["frontandbackrow"] } (abilities_handler.gd:52)
2025-12-18 01:23:17 INFO       [battle, stat, effect, stat_refresh]          STAT REAPPLICATION COMPLETED - Stats updated { "card_id": "13", "level": 1, "stats_before_attack": 1, "stats_before_health": 1, "stats_after_attack": 1, "stats_after_health": 3, "health_bonus_applied": 0, "attack_bonus_applied": 0, "final_attack": 1, "final_health": 3, "effects_count": 0, "stat_delta_attack": 0, "stat_delta_health": 2 } (unit_behavior.gd:61)
Loading resource: res://assets/card_images/card_image_1_13.png
Loading resource: res://.godot/imported/card_image_1_13.png-8af1fc0b45590184dc9e40000e0d4d18.ctex
2025-12-18 01:23:17 INFO       [initialization, system]                      Initializing game (game.gd:83)
2025-12-18 01:23:17 INFO       [cache, database]                             Activating card cache { "instance_id": 146230216015 } (data_source.gd:187)
2025-12-18 01:23:17 INFO       [cache, database]                             Card cache activated { "count": 19, "duration_ms": 0, "data_source": "firebase", "instance_id": 146230216015 } (data_source.gd:196)
2025-12-18 01:23:17 INFO       [initialization, system, ui]                  Card cache populated - UI transitioned from INITIALIZING to LOCKED { "ui_state": "LOCKED" } (game.gd:89)
2025-12-18 01:23:17 INFO       [initialization, system]                      Normal initialization, starting fresh game (game.gd:95)
2025-12-18 01:23:17 INFO       [game_state, state_transition]                Game state changing { "from": "START", "to": "START" } (game_handler.gd:7)
2025-12-18 01:23:17 INFO       [initialization, system]                      Emitting initialization_complete signal (game.gd:100)
2025-12-18 01:23:17 INFO       [system, initialization]                      Game initialization complete (signal received), starting debug coordinator (main.gd:117)
2025-12-18 01:23:17 INFO       [debug, startup, task218, coordinator, cri... TASK218_COORDINATOR_START { "timestamp": 1766049797.12, "frame": 7, "test_id_current": "" } (debug_startup_coordinator.gd:39)
2025-12-18 01:23:17 INFO       [debug, startup]                              Using external config { "path": "user://debug_startup_actions.json" } (debug_startup_coordinator.gd:256)
2025-12-18 01:23:17 INFO       [debug, startup, json]                        JSON parsing result { "data_keys": ["description", "actions", "platforms", "metadata", "test_metadata"], "data_size": 5 } (debug_startup_coordinator.gd:342)
2025-12-18 01:23:17 INFO       [debug, test, start, pid, execution_guard]    DEBUG_TEST_START { "test_id": "backend.firebase.async_pattern_windows_1766049699", "pid": 5144, "timestamp": "2025-12-18T01:23:17", "platform": "Windows", "execution_guard_cleared": true } (debug_action.gd:80)
2025-12-18 01:23:17 INFO       [debug, startup, test]                        Test context set { "test_id": "backend.firebase.async_pattern_windows_1766049699" } (debug_startup_coordinator.gd:350)
2025-12-18 01:23:17 INFO       [debug, startup, test_recipe]                 Test recipe detected { "test_metadata": { "test_id": "backend.firebase.async_pattern_windows_1766049699" } } (debug_startup_coordinator.gd:351)
2025-12-18 01:23:17 INFO       [debug, startup, metadata]                    Checking for metadata in config { "has_metadata": true, "all_keys": ["description", "actions", "platforms", "metadata", "test_metadata"] } (debug_startup_coordinator.gd:353)
2025-12-18 01:23:17 INFO       [debug, startup, metadata]                    Config metadata found { "metadata": { "auto_quit": true } } (debug_startup_coordinator.gd:358)
2025-12-18 01:23:17 INFO       [debug, startup, metadata]                    Metadata will be accessed directly by debug actions { "auto_quit": true } (debug_startup_coordinator.gd:359)
Sentry: DEBUG: received response:
HTTP/1.1 200 OK
Date: Thu, 18 Dec 2025 09:23:17 GMT
Via: 1.1 google
Content-Length: 2
Content-Type: application/json
Server: nginx
Vary: origin, access-control-request-method, access-control-request-headers
access-control-allow-origin: *
access-control-expose-headers: x-sentry-error,x-sentry-rate-limits,retry-after
cross-origin-resource-policy: cross-origin
strict-transport-security: max-age=31536000; includeSubDomains; preload
Alt-Svc: h3=":443"; ma=2592000,h3-29=":443"; ma=2592000


Sentry: DEBUG: request handled in 64ms
2025-12-18 01:23:17 INFO       [debug, startup]                              Using external config { "path": "user://debug_startup_actions.json" } (debug_startup_coordinator.gd:256)
2025-12-18 01:23:17 INFO       [debug, startup, json]                        JSON parsing result { "data_keys": ["description", "actions", "platforms", "metadata", "test_metadata"], "data_size": 5 } (debug_startup_coordinator.gd:342)
2025-12-18 01:23:17 INFO       [debug, test, start, pid, execution_guard]    DEBUG_TEST_START { "test_id": "backend.firebase.async_pattern_windows_1766049699", "pid": 5144, "timestamp": "2025-12-18T01:23:17", "platform": "Windows", "execution_guard_cleared": true } (debug_action.gd:80)
2025-12-18 01:23:17 INFO       [debug, startup, test]                        Test context set { "test_id": "backend.firebase.async_pattern_windows_1766049699" } (debug_startup_coordinator.gd:350)
2025-12-18 01:23:17 INFO       [debug, startup, test_recipe]                 Test recipe detected { "test_metadata": { "test_id": "backend.firebase.async_pattern_windows_1766049699" } } (debug_startup_coordinator.gd:351)
2025-12-18 01:23:17 INFO       [debug, startup, metadata]                    Checking for metadata in config { "has_metadata": true, "all_keys": ["description", "actions", "platforms", "metadata", "test_metadata"] } (debug_startup_coordinator.gd:353)
2025-12-18 01:23:17 INFO       [debug, startup, metadata]                    Config metadata found { "metadata": { "auto_quit": true } } (debug_startup_coordinator.gd:358)
2025-12-18 01:23:17 INFO       [debug, startup, metadata]                    Metadata will be accessed directly by debug actions { "auto_quit": true } (debug_startup_coordinator.gd:359)
2025-12-18 01:23:17 INFO       [debug, startup, sentry, test_id, coordina... 🔍 Global Sentry test context set: debug-session-1766049797-0235 { "test_session_id": "debug-session-1766049797-0235", "platform": "Windows", "actions_count": 1, "sentry_available": true } (debug_startup_coordinator.gd:855)
2025-12-18 01:23:17 INFO       [debug, startup, sentry, test_id]             🔍 SENTRY TEST CONTEXT - All tests will use ID: debug-session-1766049797-0235 { "test_session_id": "debug-session-1766049797-0235" } (debug_startup_coordinator.gd:52)
2025-12-18 01:23:17 INFO       [debug, startup]                              DebugStartupCoordinator initializing... (debug_startup_coordinator.gd:57)
2025-12-18 01:23:17 INFO       [task218, coordinator]                        TASK218_BEFORE_GET_ACTION_NAMES (debug_startup_coordinator.gd:61)
2025-12-18 01:23:17 INFO       [debug, startup]                              Using external config { "path": "user://debug_startup_actions.json" } (debug_startup_coordinator.gd:256)
2025-12-18 01:23:17 INFO       [debug, startup, json]                        JSON parsing result { "data_keys": ["description", "actions", "platforms", "metadata", "test_metadata"], "data_size": 5 } (debug_startup_coordinator.gd:342)
2025-12-18 01:23:17 INFO       [debug, test, start, pid, execution_guard]    DEBUG_TEST_START { "test_id": "backend.firebase.async_pattern_windows_1766049699", "pid": 5144, "timestamp": "2025-12-18T01:23:17", "platform": "Windows", "execution_guard_cleared": true } (debug_action.gd:80)
2025-12-18 01:23:17 INFO       [debug, startup, test]                        Test context set { "test_id": "backend.firebase.async_pattern_windows_1766049699" } (debug_startup_coordinator.gd:350)
2025-12-18 01:23:17 INFO       [debug, startup, test_recipe]                 Test recipe detected { "test_metadata": { "test_id": "backend.firebase.async_pattern_windows_1766049699" } } (debug_startup_coordinator.gd:351)
2025-12-18 01:23:17 INFO       [debug, startup, metadata]                    Checking for metadata in config { "has_metadata": true, "all_keys": ["description", "actions", "platforms", "metadata", "test_metadata"] } (debug_startup_coordinator.gd:353)
2025-12-18 01:23:17 INFO       [debug, startup, metadata]                    Config metadata found { "metadata": { "auto_quit": true } } (debug_startup_coordinator.gd:358)
2025-12-18 01:23:17 INFO       [debug, startup, metadata]                    Metadata will be accessed directly by debug actions { "auto_quit": true } (debug_startup_coordinator.gd:359)
2025-12-18 01:23:17 INFO       [task218, coordinator]                        TASK218_AFTER_GET_ACTION_NAMES { "action_count": 1, "actions": [{ "action": "backend.firebase.async_pattern", "params": {  } }] } (debug_startup_coordinator.gd:63)
2025-12-18 01:23:17 INFO       [debug, startup]                              Actions retrieved { "count": 1, "actions": [{ "action": "backend.firebase.async_pattern", "params": {  } }] } (debug_startup_coordinator.gd:68)
2025-12-18 01:23:17 INFO       [debug, startup]                              Checking tree ready state... (debug_startup_coordinator.gd:512)
2025-12-18 01:23:17 INFO       [debug, startup, sync, task218]               Game node found, waiting for UI state WAITING { "current_ui_state_code": 3 } (debug_startup_coordinator.gd:520)
2025-12-18 01:23:17 INFO       [semantic]                                    SESSION_START { "session_id": "session_20251218_012317_d5caf912", "trigger": "gameplay_start", "initial_seed": 12345, "context": { "session_type": "full_gameplay", "trigger": "gameplay_start", "start_time": 1766049797173.0, "platform": "Windows", "initial_seed": 12345 } } (session_manager.gd:30)
2025-12-18 01:23:17 INFO       [game_state, ui]                              Game starting - locking UI during state transition (game.gd:430)
2025-12-18 01:23:17 INFO       [game_state, atomic_transition]               Game state updated atomically { "state": "START" } (game.gd:434)
2025-12-18 01:23:17 INFO       [game_state, state_transition]                Game state transition { "from": "START", "to": "PREPARE" } (core_event_resolver.gd:134)
2025-12-18 01:23:17 INFO       [game_state, state_transition]                Game state changing { "from": "START", "to": "PREPARE" } (game_handler.gd:7)
2025-12-18 01:23:17 INFO       [game_state, atomic_transition]               Game state updated atomically { "state": "PREPARE" } (game.gd:470)
2025-12-18 01:23:17 INFO       [game_state, ui, state_transition_complete]   PREPARE mode active - unlocking UI and processing idle actions (game.gd:483)
2025-12-18 01:23:17 INFO       [system, event, idle_action, queue_item_st... === PROCESSING ONE QUEUE ITEM === { "ui_state": "WAITING", "processing_idle_action": false, "queue_size": 0, "queue_empty": true, "timestamp": 1766049797.192, "test_id": "backend.firebase.async_pattern_windows_1766049699", "system_frame": 7 } (game.gd:233)
2025-12-18 01:23:17 INFO       [system, event, idle_action, queue_item_sk... Queue item processing skipped { "reason": "queue_empty", "ui_state": "WAITING", "processing_idle_action": false, "queue_empty": true, "queue_paused": false, "timestamp": 1766049797.192, "test_id": "backend.firebase.async_pattern_windows_1766049699", "system_frame": 7, "skip_analysis": { "ui_not_waiting": false, "already_processing": false, "queue_empty": true, "queue_paused": false } } (game.gd:255)
2025-12-18 01:23:17 INFO       [debug, startup, sync, task218, critical]     Game ready for debug actions - UI state is WAITING { "ui_state": "WAITING", "ui_state_code": 1, "frame": 8, "timestamp": 1766049797.199 } (debug_startup_coordinator.gd:543)
2025-12-18 01:23:17 INFO       [debug, startup]                              Action registry already ready { "action_count": 98 } (debug_startup_coordinator.gd:562)
2025-12-18 01:23:17 INFO       [debug, startup]                              DataSource already initialized (debug_startup_coordinator.gd:574)
2025-12-18 01:23:17 INFO       [debug, startup, cache]                       Activating card cache for debug actions (debug_startup_coordinator.gd:783)
2025-12-18 01:23:17 INFO       [cache, database]                             Activating card cache { "instance_id": 146230216015 } (data_source.gd:187)
2025-12-18 01:23:17 INFO       [cache, database]                             Card cache activated { "count": 19, "duration_ms": 0, "data_source": "firebase", "instance_id": 146230216015 } (data_source.gd:196)
2025-12-18 01:23:17 INFO       [debug, startup, cache]                       Card cache activation complete (debug_startup_coordinator.gd:785)
2025-12-18 01:23:17 INFO       [debug, startup, wildcard]                    Wildcard expansion complete { "original_count": 1, "expanded_count": 1 } (debug_startup_coordinator.gd:112)
2025-12-18 01:23:17 INFO       [debug, startup, batch_dispatch, diagnostic]  === BATCH DISPATCH START === { "total_actions": 1, "dispatch_start_time": 1766049797.203, "dispatch_start_frame": 8, "test_id": "backend.firebase.async_pattern_windows_1766049699" } (debug_startup_coordinator.gd:129)
2025-12-18 01:23:17 INFO       [debug, startup, dispatch, diagnostic]        Dispatching action to idle queue { "action": "backend.firebase.async_pattern", "params": {  }, "action_index": 1, "total_actions": 1, "dispatch_timestamp": 1766049797.204 } (debug_startup_coordinator.gd:155)
2025-12-18 01:23:17 INFO       [system, event, idle_action, event_receive... === SYSTEM IDLE ACTION EVENT RECEIVED === { "ui_state": "WAITING", "queue_size_before": 0, "queue_size_after": 1, "processing_idle_action": false, "test_id": "backend.firebase.async_pattern_windows_1766049699", "event_timestamp": 1766049797.204, "event_frame": 8, "can_process_immediately": true } (core_event_resolver.gd:396)
2025-12-18 01:23:17 INFO       [debug, trace, queue]                         TRACE: Adding action to queue { "action_valid": true, "action_name": "<anonymous lambda>(lambda)", "auto_continue": false } (core_event_resolver.gd:418)
2025-12-18 01:23:17 INFO       [system, event, idle_action, queue_item_st... === PROCESSING ONE QUEUE ITEM === { "ui_state": "WAITING", "processing_idle_action": false, "queue_size": 1, "queue_empty": false, "timestamp": 1766049797.205, "test_id": "backend.firebase.async_pattern_windows_1766049699", "system_frame": 8 } (game.gd:233)
2025-12-18 01:23:17 INFO       [system, event, idle_action, action_start,... === PROCESSING ONE QUEUE ITEM - EXECUTING ACTION === { "remaining_queue_size": 0, "action_start_time": 1766049797.206, "action_start_frame": 8, "test_id": "backend.firebase.async_pattern_windows_1766049699", "ui_state_before_action": "WAITING", "game_state_before_action": "PREPARE", "auto_continue": false } (game.gd:294)
2025-12-18 01:23:17 INFO       [debug, test]                                 [font_size=24]2025-12-18T01:23:17 🔄 [Firebase Backend] Executing backend.firebase.async_pattern...[/font_size]
 { "action": "backend.firebase.async_pattern" } (debug_output_service.gd:92)
[font_size=24]2025-12-18T01:23:17 🔄 [Firebase Backend] Executing backend.firebase.async_pattern...[/font_size]

2025-12-18 01:23:17 INFO       [debug, test]                                 Executing backend.firebase.async_pattern... { "category": "Firebase Backend", "group": "", "action": "backend.firebase.async_pattern", "error": false } (debug_action.gd:502)
2025-12-18 01:23:17 WARNING    [state_extractor, performance, warning]       StateExtractor: Performance target missed { "execution_time_ms": 6, "target_ms": 5 } (state_extractor.gd:29)
2025-12-18 01:23:17 INFO       [session, checksum]                           CHECKSUM_CONTENT_DETAIL { "action_type": "backend.firebase.async_pattern", "sequence": 1, "game_state_content": { "board": { "battle_active": false, "current_level": 0, "draft_area": { "(0, 0)": { "block_context": 1, "card_id": "12", "card_info": { "abilities": "attacktarget:backrow", "attack": "4", "card_name": "Rhino Man", "description": "Attack back row first", "health": "2", "id": "12", "name": "rhino", "tags": "", "tribe": "evil", "upgrade_level": "1" }, "card_name": "Rhino Man", "level": 1, "object_type": 1, "unit_checksum": "6850db0eab8c7d044fc53b6e3acc66d442f3d8129c424a9984023c9ce8847f5c", "unit_state": { "abilities": [{ "attack_per_evil": 1, "health_per_evil": 1, "persistence_type": 0, "type": "EvilSynergyAbility" }], "base_attack": 4, "base_health": 2, "current_attack": 4, "current_health": 2, "effects_perm": [], "effects_temp": [], "has_battle_reference": false, "level": 1, "max_attack": 4, "max_health": 2 } }, "(0, 1)": { "block_context": 1, "object_type": 4 }, "(0, 2)": { "block_context": 1, "object_type": 4 }, "(0, 3)": { "block_context": 1, "object_type": 4 }, "(1, 0)": { "block_context": 1, "card_id": "0", "card_info": { "abilities": "guard:1;1", "attack": "1", "card_name": "Brettonian Guard", "description": "Gain +1/+1 for each unique knight in play.", "health": "1", "id": "0", "name": "guard", "tags": "", "tribe": "soldier", "upgrade_level": "1" }, "card_name": "Brettonian Guard", "level": 1, "object_type": 1, "unit_checksum": "e5ae53c12130690e3c1a5d50789fd0cb53c7883409859f090a85e5e0ba08e56e", "unit_state": { "abilities": [{ "attack_per_soldier": 1, "health_per_soldier": 1, "persistence_type": 0, "type": "SoldierBonusAbility" }], "base_attack": 1, "base_health": 1, "current_attack": 1, "current_health": 1, "effects_perm": [], "effects_temp": [], "has_battle_reference": false, "level": 1, "max_attack": 1, "max_health": 1 } }, "(1, 1)": { "block_context": 1, "level": 1, "object_type": 5 }, "(1, 2)": { "block_context": 1, "level": 2, "object_type": 5 }, "(1, 3)": { "block_context": 1, "level": 3, "object_type": 5 }, "(2, 0)": { "block_context": 1, "card_id": "12", "card_info": { "abilities": "attacktarget:backrow", "attack": "4", "card_name": "Rhino Man", "description": "Attack back row first", "health": "2", "id": "12", "name": "rhino", "tags": "", "tribe": "evil", "upgrade_level": "1" }, "card_name": "Rhino Man", "level": 1, "object_type": 1, "unit_checksum": "6850db0eab8c7d044fc53b6e3acc66d442f3d8129c424a9984023c9ce8847f5c", "unit_state": { "abilities": [{ "attack_per_evil": 1, "health_per_evil": 1, "persistence_type": 0, "type": "EvilSynergyAbility" }], "base_attack": 4, "base_health": 2, "current_attack": 4, "current_health": 2, "effects_perm": [], "effects_temp": [], "has_battle_reference": false, "level": 1, "max_attack": 4, "max_health": 2 } }, "(2, 1)": { "block_context": 1, "level": 1, "object_type": 5 }, "(2, 2)": { "block_context": 1, "level": 2, "object_type": 5 }, "(2, 3)": { "block_context": 1, "level": 3, "object_type": 5 }, "(3, 0)": { "block_context": 1, "card_id": "4", "card_info": { "abilities": "dwarf:1;1", "attack": "1", "card_name": "Dwarf", "description": "Gives +1/+1 per dwarf level to each unique soldier in play", "health": "1", "id": "4", "name": "dwarf", "tags": "", "tribe": "soldier", "upgrade_level": "1" }, "card_name": "Dwarf", "level": 1, "object_type": 1, "unit_checksum": "3616332afb7114955305f30e52e7bf17e0626b6c3156169534de91193a547eaa", "unit_state": { "abilities": [{ "base_attack_bonus": 1, "base_health_bonus": 1, "persistence_type": 0, "type": "MergeBonusAbility" }], "base_attack": 1, "base_health": 1, "current_attack": 1, "current_health": 1, "effects_perm": [], "effects_temp": [], "has_battle_reference": false, "level": 1, "max_attack": 1, "max_health": 1 } }, "(3, 1)": { "block_context": 1, "level": 1, "object_type": 5 }, "(3, 2)": { "block_context": 1, "level": 2, "object_type": 5 }, "(3, 3)": { "block_context": 1, "level": 3, "object_type": 5 }, "(4, 0)": { "block_context": 1, "card_id": "13", "card_info": { "abilities": "damage:frontandbackrow", "attack": "1", "card_name": "Spearman", "description": "Deal damage to front and back row enemies at once", "health": "3", "id": "13", "name": "spearman", "tags": "soldier", "tribe": "forest", "upgrade_level": "1" }, "card_name": "Spearman", "level": 1, "object_type": 1, "unit_checksum": "2c35f7109bc91b1b31b92bd905a20e8479f7158337005541efe4b7e0203782cd", "unit_state": { "abilities": [], "base_attack": 1, "base_health": 3, "current_attack": 1, "current_health": 3, "effects_perm": [], "effects_temp": [], "has_battle_reference": false, "level": 1, "max_attack": 1, "max_health": 3 } }, "(4, 1)": { "block_context": 1, "object_type": 4 }, "(4, 2)": { "block_context": 1, "object_type": 4 }, "(4, 3)": { "block_context": 1, "object_type": 4 } }, "extraction_type": "board_state", "game_available": true, "input_locked": false }, "lineup": { "allies": {  }, "current_game_state": "PREPARE", "enemies": {  }, "extraction_type": "lineup_state", "game_available": true, "ui_state": "WAITING" }, "metadata": { "extractor_version": "1.0.0" } }, "draft_area_count": 20, "lineup_allies_count": 0, "current_game_state": "PREPARE", "ui_state": "WAITING" } (session_manager.gd:168)
2025-12-18 01:23:17 INFO       [player]                                      SEMANTIC_ACTION { "type": "backend.firebase.async_pattern", "session_id": "session_20251218_012317_d5caf912", "timestamp_ms": 1766049797211.0, "sequence": 1, "session_elapsed_ms": 38.0, "pre_action_checksum": "1bd5a41a97d2e9ed81d57373fe1e69656c72427c37e59ca76a915bc647da9678", "action_name": "backend.firebase.async_pattern", "data": { "debug_action": "backend.firebase.async_pattern", "category": "Firebase Backend", "group": "", "description": "No description.", "data": {  } } } (session_manager.gd:118)
2025-12-18 01:23:17 INFO                                                     Semantic Action: backend.firebase.async_pattern { "debug_action": "backend.firebase.async_pattern", "category": "Firebase Backend", "group": "", "description": "No description.", "data": {  } } (session_manager.gd:122)
2025-12-18 01:23:17 INFO       [debug, backend_firebase, trace]              TRACE: _execute_action_logic started { "action": "backend.firebase.async_pattern" } (backend_async_pattern_test_action.gd:12)
2025-12-18 01:23:17 INFO       [debug, test]                                 [font_size=24]2025-12-18T01:23:17 🔄 [Firebase Backend] Testing Firebase Backend async patterns...[/font_size]
 { "action": "backend.firebase.async_pattern" } (debug_output_service.gd:92)
[font_size=24]2025-12-18T01:23:17 🔄 [Firebase Backend] Testing Firebase Backend async patterns...[/font_size]

2025-12-18 01:23:17 INFO       [debug, test]                                 Testing Firebase Backend async patterns... { "category": "Firebase Backend", "group": "", "action": "backend.firebase.async_pattern", "error": false } (debug_action.gd:502)
2025-12-18 01:23:17 INFO       [debug, backend_firebase, trace]              TRACE: test_backend_async_pattern called { "method": "set_data", "operation": "Backend Set Data" } (backend_firebase_debug_action.gd:71)
2025-12-18 01:23:17 INFO       [debug, test]                                 [font_size=24]2025-12-18T01:23:17 🔄 [Firebase Backend] Testing backend Backend Set Data...[/font_size]
 { "action": "backend.firebase.async_pattern" } (debug_output_service.gd:92)
[font_size=24]2025-12-18T01:23:17 🔄 [Firebase Backend] Testing backend Backend Set Data...[/font_size]

2025-12-18 01:23:17 INFO       [debug, test]                                 Testing backend Backend Set Data... { "category": "Firebase Backend", "group": "", "action": "backend.firebase.async_pattern", "error": false } (debug_action.gd:502)
[RTDB C++] SetValue ReqID:3 Path: ["backend_tests", "async_pattern", "test: 3738"]
2025-12-18 01:23:17 INFO       [system, idle_action, sequential_hold, asy... KEEPING _processing_idle_action=true for auto_continue=false action { "action_requires_completion_event": true, "sequential_action_complete_event_pending": true, "auto_continue": false, "test_id": "backend.firebase.async_pattern_windows_1766049699" } (game.gd:347)
2025-12-18 01:23:17 INFO       [system, event, idle_action, action_comple... === ONE QUEUE ITEM PROCESSING COMPLETE === { "remaining_queue_size": 0, "game_state_after_action": "PREPARE", "execution_time_ms": 26.0000228881836, "frames_elapsed": 0, "test_id": "backend.firebase.async_pattern_windows_1766049699", "ui_state_after_action": "WAITING", "action_end_time": 1766049797.232, "action_end_frame": 8, "auto_continue": false } (game.gd:368)
2025-12-18 01:23:17 INFO       [system, event, idle_action, natural_wait,... Waiting for natural completion events before processing next action { "auto_continue": false, "remaining_queue_size": 0, "queue_continuation_requested": false, "wait_reason": "action_requires_natural_completion" } (game.gd:416)
2025-12-18 01:23:17 INFO       [debug, startup, batch_dispatch, diagnostic]  === BATCH DISPATCH LOOP COMPLETE === { "actions_dispatched": 1, "has_completion_action": false, "is_test_recipe": true, "test_id": "backend.firebase.async_pattern_windows_1766049699" } (debug_startup_coordinator.gd:177)
2025-12-18 01:23:17 INFO       [debug, startup, auto_completion, test_rec... Auto-dispatching replay completion action for test recipe { "action": "system.debug.replay_complete", "reason": "test_recipe_missing_completion", "original_action_count": 1, "is_test_recipe": true } (debug_startup_coordinator.gd:494)
2025-12-18 01:23:17 INFO       [system, event, idle_action, event_receive... === SYSTEM IDLE ACTION EVENT RECEIVED === { "ui_state": "WAITING", "queue_size_before": 0, "queue_size_after": 1, "processing_idle_action": true, "test_id": "backend.firebase.async_pattern_windows_1766049699", "event_timestamp": 1766049797.237, "event_frame": 8, "can_process_immediately": false } (core_event_resolver.gd:396)
2025-12-18 01:23:17 INFO       [debug, trace, queue]                         TRACE: Adding action to queue { "action_valid": true, "action_name": "<anonymous lambda>(lambda)", "auto_continue": true } (core_event_resolver.gd:418)
2025-12-18 01:23:17 INFO       [debug, startup, batch_dispatch, diagnostic]  === BATCH DISPATCH COMPLETE === { "count": 1, "is_test_recipe": true, "completion_auto_added": true, "dispatch_duration_ms": 34.9998474121094, "dispatch_end_time": 1766049797.238, "test_id": "backend.firebase.async_pattern_windows_1766049699", "idle_queue_execution_starts_now": true } (debug_startup_coordinator.gd:195)
[RTDB C++] SetValue ReqID:3 Main thread handler - Success.
2025-12-18 01:23:17 INFO       [debug, backend_firebase]                     Backend async pattern test successful { "method": "set_data", "duration_ms": 65 } (backend_firebase_debug_action.gd:164)
2025-12-18 01:23:17 INFO       [debug, test]                                 [font_size=24]2025-12-18T01:23:17 🔄 [Firebase Backend] Backend Set Data completed (65ms)[/font_size]
 { "action": "backend.firebase.async_pattern" } (debug_output_service.gd:92)
[font_size=24]2025-12-18T01:23:17 🔄 [Firebase Backend] Backend Set Data completed (65ms)[/font_size]

2025-12-18 01:23:17 INFO       [debug, test]                                 Backend Set Data completed (65ms) { "category": "Firebase Backend", "group": "", "action": "backend.firebase.async_pattern", "error": false } (debug_action.gd:502)
2025-12-18 01:23:17 INFO       [debug, backend_firebase, trace]              TRACE: test_backend_async_pattern called { "method": "get_data", "operation": "Backend Get Data" } (backend_firebase_debug_action.gd:71)
Sentry: DEBUG: sending envelope
Sentry: DEBUG: submitting task to background worker thread
Sentry: DEBUG: executing task on worker thread
Sentry: DEBUG: sending request using winhttp to "https://o4510290068570112.ingest.de.sentry.io:443/api/4510290070011984/envelope/":
x-sentry-auth:Sentry sentry_key=3f084e8be7d8e0aa07d43789a5f410aa, sentry_version=7, sentry_client=sentry.native.godot/0.12.2
content-type:application/x-sentry-envelope
content-length:97083

2025-12-18 01:23:17 INFO       [debug, test]                                 [font_size=24]2025-12-18T01:23:17 🔄 [Firebase Backend] Testing backend Backend Get Data...[/font_size]
 { "action": "backend.firebase.async_pattern" } (debug_output_service.gd:92)
[font_size=24]2025-12-18T01:23:17 🔄 [Firebase Backend] Testing backend Backend Get Data...[/font_size]

2025-12-18 01:23:17 INFO       [debug, test]                                 Testing backend Backend Get Data... { "category": "Firebase Backend", "group": "", "action": "backend.firebase.async_pattern", "error": false } (debug_action.gd:502)
[RTDB C++] GetValue ReqID:4 Path (GDScript Array): ["backend_tests", "async_pattern", "test: 3738"] -> URL: https://gametwo-89299-default-rtdb.europe-west1.firebasedatabase.app/backend_tests/async_pattern/test: 3738
[RTDB C++] GetValue ReqID:4 Main thread handler - Success. Key='test: 3738'
2025-12-18 01:23:17 INFO       [debug, backend_firebase]                     Backend async pattern test successful { "method": "get_data", "duration_ms": 8 } (backend_firebase_debug_action.gd:164)
2025-12-18 01:23:17 INFO       [debug, test]                                 [font_size=24]2025-12-18T01:23:17 🔄 [Firebase Backend] Backend Get Data completed (8ms)[/font_size]
 { "action": "backend.firebase.async_pattern" } (debug_output_service.gd:92)
[font_size=24]2025-12-18T01:23:17 🔄 [Firebase Backend] Backend Get Data completed (8ms)[/font_size]

2025-12-18 01:23:17 INFO       [debug, test]                                 Backend Get Data completed (8ms) { "category": "Firebase Backend", "group": "", "action": "backend.firebase.async_pattern", "error": false } (debug_action.gd:502)
2025-12-18 01:23:17 INFO       [debug, test, success, pid, sequence]         DEBUG_TEST_SUCCESS { "test_id": "backend.firebase.async_pattern_windows_1766049699", "action": "backend.firebase.async_pattern", "category": "Firebase Backend", "group": "", "duration_ms": 79, "params": {  }, "pid": 5144, "sequence": 1, "timestamp": "2025-12-18T01:23:17" } (debug_action.gd:230)
2025-12-18 01:23:17 INFO       [debug, test]                                 [font_size=24]2025-12-18T01:23:17 🔄 [Firebase Backend] Backend async pattern test PASSED[/font_size]
 { "action": "backend.firebase.async_pattern" } (debug_output_service.gd:92)
[font_size=24]2025-12-18T01:23:17 🔄 [Firebase Backend] Backend async pattern test PASSED[/font_size]

2025-12-18 01:23:17 INFO       [debug, test]                                 Backend async pattern test PASSED { "category": "Firebase Backend", "group": "", "action": "backend.firebase.async_pattern", "error": false } (debug_action.gd:502)
2025-12-18 01:23:17 INFO       [debug, callable, task148, unified]           CALLABLE_EXECUTION_DEBUG: Callable execution completed { "action": "backend.firebase.async_pattern", "result": <RefCounted#-9223371665205883733>, "result_type": 24, "result_class": "DebugActionResult", "is_bool": false, "bool_value": "not_bool" } (debug_action.gd:292)
2025-12-18 01:23:17 INFO       [debug, callable, task148, evaluation]        CALLABLE_EXECUTION_DEBUG: Evaluating action result { "action": "backend.firebase.async_pattern", "result_is_null": false, "result_type": 24, "result_value": "<RefCounted#-9223371665205883733>" } (debug_action.gd:404)
2025-12-18 01:23:17 INFO       [debug, callable, task148, evaluation]        CALLABLE_EXECUTION_DEBUG: DebugActionResult evaluation { "action": "backend.firebase.async_pattern", "is_success": true, "error_code": "", "restart_needed": false } (debug_action.gd:426)
2025-12-18 01:23:17 INFO       [debug, test]                                 [font_size=24]2025-12-18T01:23:17 🔄 [Firebase Backend] Completed: backend.firebase.async_pattern[/font_size]
 { "action": "backend.firebase.async_pattern" } (debug_output_service.gd:92)
[font_size=24]2025-12-18T01:23:17 🔄 [Firebase Backend] Completed: backend.firebase.async_pattern[/font_size]

2025-12-18 01:23:17 INFO       [debug, test]                                 Completed: backend.firebase.async_pattern { "category": "Firebase Backend", "group": "", "action": "backend.firebase.async_pattern", "error": false } (debug_action.gd:502)
2025-12-18 01:23:17 INFO       [debug, test, success, pid, sequence]         DEBUG_TEST_SUCCESS { "test_id": "backend.firebase.async_pattern_windows_1766049699", "action": "backend.firebase.async_pattern", "category": "Firebase Backend", "group": "", "duration_ms": 102, "params": {  }, "pid": 5144, "sequence": 2, "timestamp": "2025-12-18T01:23:17" } (debug_action.gd:230)
2025-12-18 01:23:17 INFO       [debug, sequential, completion, unified]      Sequential action completed - emitting completion event { "action": "backend.firebase.async_pattern", "success": true, "category": "Firebase Backend", "auto_continue": false, "completion_event": "SequentialActionCompleteEvent", "test_id": "backend.firebase.async_pattern_windows_1766049699" } (debug_action.gd:368)
2025-12-18 01:23:17 INFO       [system, idle_action, sequential_complete,... SETTING _processing_idle_action=false - SequentialActionCompleteEvent processed { "action_name": "backend.firebase.async_pattern", "success": true, "category": "Firebase Backend", "async_operation_complete": true, "auto_quit_can_now_proceed": true, "test_id": "backend.firebase.async_pattern_windows_1766049699" } (core_event_resolver.gd:359)
2025-12-18 01:23:17 INFO       [system, event, sequential_action_complete]   Sequential action completed - continuing queue processing { "action_name": "backend.firebase.async_pattern", "success": true, "category": "Firebase Backend", "trigger_reason": "sequential_action_completion" } (core_event_resolver.gd:379)
2025-12-18 01:23:17 INFO       [system, event, idle_action, queue_item_st... === PROCESSING ONE QUEUE ITEM === { "ui_state": "WAITING", "processing_idle_action": false, "queue_size": 1, "queue_empty": false, "timestamp": 1766049797.312, "test_id": "backend.firebase.async_pattern_windows_1766049699", "system_frame": 14 } (game.gd:233)
2025-12-18 01:23:17 INFO       [system, event, idle_action, action_start,... === PROCESSING ONE QUEUE ITEM - EXECUTING ACTION === { "remaining_queue_size": 0, "action_start_time": 1766049797.312, "action_start_frame": 14, "test_id": "backend.firebase.async_pattern_windows_1766049699", "ui_state_before_action": "WAITING", "game_state_before_action": "PREPARE", "auto_continue": true } (game.gd:294)
2025-12-18 01:23:17 INFO       [debug, test]                                 [font_size=24]2025-12-18T01:23:17 🔄 [System] Executing system.debug.replay_complete...[/font_size]
 { "action": "system.debug.replay_complete" } (debug_output_service.gd:92)
[font_size=24]2025-12-18T01:23:17 🔄 [System] Executing system.debug.replay_complete...[/font_size]

2025-12-18 01:23:17 INFO       [debug, test]                                 Executing system.debug.replay_complete... { "category": "System", "group": "Debug", "action": "system.debug.replay_complete", "error": false } (debug_action.gd:502)
2025-12-18 01:23:17 INFO       [player]                                      SEMANTIC_ACTION { "type": "system.debug.replay_complete", "session_id": "session_20251218_012317_d5caf912", "timestamp_ms": 1766049797314.0, "sequence": 2, "session_elapsed_ms": 141.0, "pre_action_checksum": "SKIP_SYSTEM_DEBUG_CHECKSUM", "action_name": "system.debug.replay_complete", "data": { "debug_action": "system.debug.replay_complete", "category": "System", "group": "Debug", "description": "Context-aware replay completion - manual mode stays open, automated mode quits", "data": {  } } } (session_manager.gd:118)
2025-12-18 01:23:17 INFO                                                     Semantic Action: system.debug.replay_complete { "debug_action": "system.debug.replay_complete", "category": "System", "group": "Debug", "description": "Context-aware replay completion - manual mode stays open, automated mode quits", "data": {  } } (session_manager.gd:122)
2025-12-18 01:23:17 INFO       [debug, replay, complete, context]            Replay completion started { "execution_mode": "automated", "platform": "Windows", "command_source": "config_metadata" } (system_actions.gd:344)
2025-12-18 01:23:17 INFO       [debug, replay, complete, lineup, final_st... FINAL LINEUP STATE - Complete card analysis { "total_positions": 0, "cards_present": 0, "lineup_details": [] } (system_actions.gd:513)
2025-12-18 01:23:17 INFO       [debug, test, complete, automated]            TEST_COMPLETE_backend.firebase.async_pattern_windows_1766049699 { "test_id": "backend.firebase.async_pattern_windows_1766049699", "automated_completion": true } (system_actions.gd:362)
2025-12-18 01:23:17 INFO       [debug, test, success, pid, sequence]         DEBUG_TEST_SUCCESS { "test_id": "backend.firebase.async_pattern_windows_1766049699", "action": "system.debug.replay_complete", "category": "System", "group": "Debug", "duration_ms": 1, "params": {  }, "pid": 5144, "sequence": 3, "timestamp": "2025-12-18T01:23:17" } (debug_action.gd:230)
2025-12-18 01:23:17 INFO       [debug, replay, complete, finished]           Replay completion finished { "execution_mode": "automated", "duration_ms": 1, "will_quit": true } (system_actions.gd:400)
2025-12-18 01:23:17 INFO       [debug, replay, automated, queue_sync]        Waiting for all queued actions and async operations to complete before quit { "queue_empty": true, "async_processing": true, "waiting_for": "queue_empty AND NOT async_processing" } (system_actions.gd:423)
2025-12-18 01:23:17 INFO       [system, event, idle_action, action_comple... === ONE QUEUE ITEM PROCESSING COMPLETE === { "remaining_queue_size": 0, "game_state_after_action": "PREPARE", "execution_time_ms": 7.99989700317383, "frames_elapsed": 0, "test_id": "backend.firebase.async_pattern_windows_1766049699", "ui_state_after_action": "WAITING", "action_end_time": 1766049797.32, "action_end_frame": 14, "auto_continue": true } (game.gd:368)
2025-12-18 01:23:17 INFO       [system, event, idle_action, natural_wait,... Waiting for natural completion events before processing next action { "auto_continue": true, "remaining_queue_size": 0, "queue_continuation_requested": false, "wait_reason": "queue_empty" } (game.gd:416)
2025-12-18 01:23:17 INFO       [debug, replay, automated, quit_ready]        All actions and async operations completed - proceeding with quit { "actions_completed": true, "async_operations_completed": true, "queue_size": 0, "processing_idle_action": false } (system_actions.gd:440)
2025-12-18 01:23:17 INFO       [final_state, checksum, session, quit]        FINAL_STATE_CAPTURED { "final_checksum": "1bd5a41a97d2e9ed81d57373fe1e69656c72427c37e59ca76a915bc647da9678", "session_id": "session_20251218_012317_d5caf912", "state_type": "complete_game_state", "lineup_available": true, "board_available": true, "metadata_version": "1.0.0", "extraction_timestamp": 1766049797.328, "state_components": ["board", "lineup", "metadata"] } (system_actions.gd:147)
2025-12-18 01:23:17 INFO       [debug, system]                               Quit event received - delegating to QuitApplicationEvent for centralized handling (main.gd:131)
2025-12-18 01:23:17 INFO       [semantic]                                    SESSION_END { "session_id": "session_20251218_012317_d5caf912", "reason": "gameplay_end", "duration_ms": 157.0, "action_count": 2, "context": { "session_type": "full_gameplay", "trigger": "gameplay_start", "start_time": 1766049797173.0, "platform": "Windows", "initial_seed": 12345 } } (session_manager.gd:64)
2025-12-18 01:23:17 INFO       [system, event, quit, diagnostic]             QuitApplicationEvent received - starting application termination { "event_type": "QuitApplicationEvent", "ui_state": "WAITING", "test_id": "backend.firebase.async_pattern_windows_1766049699" } (core_event_resolver.gd:457)
2025-12-18 01:23:17 INFO       [debug, quit, core_event]                     QuitApplicationEvent: Starting application termination sequence { "platform": "Windows", "timestamp": 1766049797.331, "test_id": "backend.firebase.async_pattern_windows_1766049699" } (quit_application_event.gd:23)
2025-12-18 01:23:17 INFO       [quit, system, debug]                         Logger shutdown initiated { "platform": "Windows", "timeout_seconds": 2.0, "timestamp": 1766049797.333 } (quit_application_event.gd:52)
2025-12-18 01:23:17 INFO       [quit, debug]                                 Desktop platform detected - no chunk processing required { "platform": "Windows" } (quit_application_event.gd:52)
2025-12-18 01:23:17 INFO       [quit, system, debug]                         Logger shutdown completed gracefully { "platform": "Windows", "logging_synchronized": true, "final_timestamp": 1766049797.333 } (quit_application_event.gd:52)
2025-12-18 01:23:17 INFO       [debug, callable, task148, unified]           CALLABLE_EXECUTION_DEBUG: Callable execution completed { "action": "system.debug.replay_complete", "result": true, "result_type": 1, "result_class": "not_object", "is_bool": true, "bool_value": true } (debug_action.gd:292)
2025-12-18 01:23:17 INFO       [debug, callable, task148, evaluation]        CALLABLE_EXECUTION_DEBUG: Evaluating action result { "action": "system.debug.replay_complete", "result_is_null": false, "result_type": 1, "result_value": "true" } (debug_action.gd:404)
2025-12-18 01:23:17 INFO       [debug, callable, task148, evaluation]        CALLABLE_EXECUTION_DEBUG: Boolean result evaluation { "action": "system.debug.replay_complete", "bool_result": true, "returning": true } (debug_action.gd:441)
2025-12-18 01:23:17 INFO       [debug, test]                                 [font_size=24]2025-12-18T01:23:17 🔄 [System] Completed: system.debug.replay_complete[/font_size]
 { "action": "system.debug.replay_complete" } (debug_output_service.gd:92)
[font_size=24]2025-12-18T01:23:17 🔄 [System] Completed: system.debug.replay_complete[/font_size]

2025-12-18 01:23:17 INFO       [debug, test]                                 Completed: system.debug.replay_complete { "category": "System", "group": "Debug", "action": "system.debug.replay_complete", "error": false } (debug_action.gd:502)
[RTDB C++] FirebaseDatabase Destructor called.
[RTDB C++] FirebaseDatabase complete cleanup completed (Task-213 fix).
Sentry: DEBUG: received response:
HTTP/1.1 200 OK
Date: Thu, 18 Dec 2025 09:23:17 GMT
Via: 1.1 google
Content-Length: 2
Content-Type: application/json
Server: nginx
Vary: origin, access-control-request-method, access-control-request-headers
access-control-allow-origin: *
access-control-expose-headers: x-sentry-error,x-sentry-rate-limits,retry-after
cross-origin-resource-policy: cross-origin
strict-transport-security: max-age=31536000; includeSubDomains; preload
Alt-Svc: h3=":443"; ma=2592000,h3-29=":443"; ma=2592000


Sentry: DEBUG: request handled in 74ms
XR: Clearing primary interface
Sentry: DEBUG: shutting down logs system
Sentry: DEBUG: batching thread exiting
Sentry: DEBUG: sending envelope
Sentry: DEBUG: submitting task to background worker thread
Sentry: DEBUG: executing task on worker thread
Sentry: DEBUG: logs system shutdown complete
Sentry: DEBUG: sending request using winhttp to "https://o4510290068570112.ingest.de.sentry.io:443/api/4510290070011984/envelope/":
x-sentry-auth:Sentry sentry_key=3f084e8be7d8e0aa07d43789a5f410aa, sentry_version=7, sentry_client=sentry.native.godot/0.12.2
content-type:application/x-sentry-envelope
content-length:56024

Sentry: DEBUG: sending envelope
Sentry: DEBUG: submitting task to background worker thread
Sentry: DEBUG: shutting down backend
Sentry: DEBUG: shutting down transport
Sentry: DEBUG: shutting down background worker thread
Sentry: DEBUG: submitting task to background worker thread
Sentry: DEBUG: received response:
HTTP/1.1 200 OK
Date: Thu, 18 Dec 2025 09:23:17 GMT
Via: 1.1 google
Content-Length: 2
Content-Type: application/json
Server: nginx
Vary: origin, access-control-request-method, access-control-request-headers
access-control-allow-origin: *
access-control-expose-headers: x-sentry-error,x-sentry-rate-limits,retry-after
cross-origin-resource-policy: cross-origin
strict-transport-security: max-age=31536000; includeSubDomains; preload
Alt-Svc: h3=":443"; ma=2592000,h3-29=":443"; ma=2592000


Sentry: DEBUG: request handled in 60ms
Sentry: DEBUG: executing task on worker thread
Sentry: DEBUG: sending request using winhttp to "https://o4510290068570112.ingest.de.sentry.io:443/api/4510290070011984/envelope/":
x-sentry-auth:Sentry sentry_key=3f084e8be7d8e0aa07d43789a5f410aa, sentry_version=7, sentry_client=sentry.native.godot/0.12.2
content-type:application/x-sentry-envelope
content-length:380

Sentry: DEBUG: received response:
HTTP/1.1 200 OK
Date: Thu, 18 Dec 2025 09:23:17 GMT
Via: 1.1 google
Content-Length: 2
Content-Type: application/json
Server: nginx
Vary: origin, access-control-request-method, access-control-request-headers
access-control-allow-origin: *
access-control-expose-headers: x-sentry-error,x-sentry-rate-limits,retry-after
cross-origin-resource-policy: cross-origin
strict-transport-security: max-age=31536000; includeSubDomains; preload
Alt-Svc: h3=":443"; ma=2592000,h3-29=":443"; ma=2592000


Sentry: DEBUG: request handled in 55ms
Sentry: DEBUG: executing task on worker thread
Sentry: DEBUG: background worker thread shut down
XR: Removed interface "Native mobile"
XR: Removed interface "OpenXR"
Orphan StringName: process_frame (static: 1, total: 2)
StringName: 1 unclaimed string names at exit.
