--------- beginning of main
07-03 18:34:06.590 I/godot   (12739): [DEBUG] [level, grid] Adding block to grid { "grid_pos": (1, 3), "block_type": 5, "refill": 0 }
07-03 18:34:06.591 I/godot   (12739): [DEBUG] [game_state, event] Resolving core event { "event_type": "Resource" }
07-03 18:34:06.593 I/godot   (12739): [DEBUG] [game_state, event] Resolving core event { "event_type": "Resource" }
07-03 18:34:06.593 I/godot   (12739): [DEBUG] [level, grid] Adding block to grid { "grid_pos": (2, 3), "block_type": 5, "refill": 0 }
07-03 18:34:06.594 I/godot   (12739): [DEBUG] [game_state, event] Resolving core event { "event_type": "Resource" }
07-03 18:34:06.595 I/godot   (12739): [DEBUG] [game_state, event] Resolving core event { "event_type": "Resource" }
07-03 18:34:06.595 I/godot   (12739): [DEBUG] [level, grid] Adding block to grid { "grid_pos": (3, 3), "block_type": 5, "refill": 0 }
07-03 18:34:06.596 I/godot   (12739): [DEBUG] [game_state, event] Resolving core event { "event_type": "Resource" }
--------- beginning of system
07-03 18:34:06.599 I/godot   (12739): [INFO] [initialization, system] Initializing game
07-03 18:34:06.599 I/godot   (12739): [INFO] [cache, database] Activating card cache { "instance_id": 63401100574 }
07-03 18:34:06.600 I/godot   (12739): [DEBUG] [database, cache] Using card cache { "cache_size": 19, "collection_name": "cards", "collection_key": "cards_0", "collection_id": -9223371808785299207 }
07-03 18:34:06.600 I/godot   (12739): [DEBUG] Firebase availability check { "available": false, "backend_type": "RefCounted" }
07-03 18:34:06.601 I/godot   (12739): [INFO] [cache, database] Card cache activated { "count": 19, "duration_ms": 0, "data_source": "local", "instance_id": 63401100574 }
07-03 18:34:06.601 I/godot   (12739): [INFO] [game_state, state_transition] Game state changing { "from": "START", "to": "START" }
07-03 18:34:06.602 I/godot   (12739): [INFO] [initialization, system, ui] Game initialization complete - transitioning to WAITING state
07-03 18:34:06.602 I/godot   (12739): [INFO] [system, event, idle_action, queue_processing] === IDLE ACTION QUEUE PROCESSING ENTRY === { "ui_state": "WAITING", "processing_idle_action": false, "queue_size": 0, "queue_empty": true }
07-03 18:34:06.602 I/godot   (12739): [INFO] [system, event, idle_action, queue_skip] Idle action queue processing skipped { "reason": "queue_empty", "ui_state": "WAITING", "processing_idle_action": false, "queue_empty": true }
07-03 18:34:06.603 I/godot   (12739): [INFO] [initialization, system] Emitting initialization_complete signal
07-03 18:34:06.603 I/godot   (12739): [INFO] [system, initialization] Game initialization complete (signal received), starting debug coordinator
07-03 18:34:06.604 I/godot   (12739): [INFO] [debug, startup] DebugStartupCoordinator initializing...
07-03 18:34:06.604 I/godot   (12739): [DEBUG] [debug, startup, verbose] DebugRegistry found, getting actions...
07-03 18:34:06.604 I/godot   (12739): [DEBUG] [debug, startup] Getting action names { "platform": "mobile" }
07-03 18:34:06.605 I/godot   (12739): [INFO] [debug, startup] Using external config { "path": "user://debug_startup_actions.json" }
07-03 18:34:06.606 I/godot   (12739): [DEBUG] [debug, startup] Parsing config file { "path": "user://debug_startup_actions.json" }
07-03 18:34:06.606 I/godot   (12739): [DEBUG] [startup, parser, verbose] Processing raw action { "action": "system.debug.registry_stats", "type": 4, "type_name": "String" }
07-03 18:34:06.607 I/godot   (12739): [DEBUG] [startup, parser, verbose] Processing action string { "action": "system.debug.registry_stats" }
07-03 18:34:06.608 I/godot   (12739): [DEBUG] [debug, startup] Parsed actions from config { "actions": [{ "action": "system.debug.registry_stats", "params": {  } }], "count": 1 }
07-03 18:34:06.609 I/godot   (12739): [INFO] [debug, startup] Actions retrieved { "count": 1, "actions": [{ "action": "system.debug.registry_stats", "params": {  } }] }
07-03 18:34:06.627 I/godot   (12739): [DEBUG] [debug, startup, verbose] Waiting for game ready...
07-03 18:34:06.628 I/godot   (12739): [INFO] [debug, startup] Checking tree ready state...
07-03 18:34:06.628 I/godot   (12739): [DEBUG] [debug, startup] Tree root is ready
07-03 18:34:06.629 I/godot   (12739): [INFO] [debug, startup] Game ready for debug actions
07-03 18:34:06.629 I/godot   (12739): [DEBUG] [debug, startup, verbose] Waiting for action registry initialization...
07-03 18:34:06.630 I/godot   (12739): [INFO] [debug, startup] Action registry already ready { "action_count": 83 }
07-03 18:34:06.633 I/godot   (12739): [DEBUG] [debug, startup, verbose] Waiting for DataSource initialization...
07-03 18:34:06.633 I/godot   (12739): [INFO] [debug, startup] DataSource already initialized
07-03 18:34:06.633 I/godot   (12739): [INFO] [debug, startup] Dispatching action to idle queue { "action": "system.debug.registry_stats", "params": {  } }
07-03 18:34:06.634 I/godot   (12739): [DEBUG] [game_state, event] Resolving core event { "event_type": "Resource" }
07-03 18:34:06.635 I/godot   (12739): [INFO] [system, event, idle_action, event_received] === SYSTEM IDLE ACTION EVENT RECEIVED === { "ui_state": "WAITING", "queue_size_before": 0, "queue_size_after": 1, "processing_idle_action": false }
07-03 18:34:06.636 I/godot   (12739): [INFO] [system, event, idle_action, queue_processing] === IDLE ACTION QUEUE PROCESSING ENTRY === { "ui_state": "WAITING", "processing_idle_action": false, "queue_size": 1, "queue_empty": false }
07-03 18:34:06.637 I/godot   (12739): [INFO] [system, event, idle_action, action_start] === PROCESSING IDLE ACTION FROM QUEUE === { "remaining_queue_size": 0 }
07-03 18:34:06.637 I/godot   (12739): [INFO] [debug, test] [font_size=24]2025-07-03T18:34:06 🔄  Executing system.debug.registry_stats with params...[/font_size]
07-03 18:34:06.637 I/godot   (12739):  { "action": "system.debug.registry_stats" }
07-03 18:34:06.638 I/godot   (12739): [INFO] [debug, test] Executing system.debug.registry_stats with params... { "category": "System", "group": "Debug", "action": "system.debug.registry_stats", "error": false }
07-03 18:34:06.639 I/godot   (12739): [INFO] [debug, registry, stats] Debug Action Registry Statistics { "total_actions": 83, "total_categories": 8, "categories": { "C++ Firebase": { "groups": 0, "ungrouped_actions": 8, "total_actions": 8 }, "Database": { "groups": 1, "ungrouped_actions": 1, "total_actions": 2 }, "Firebase Backend": { "groups": 0, "ungrouped_actions": 7, "total_actions": 7 }, "Gameplay": { "groups": 5, "ungrouped_actions": 1, "total_actions": 17 }, "Quick Actions": { "groups": 0, "ungrouped_actions": 3, "total_actions": 3 }, "RTDB": { "groups": 5, "ungrouped_actions": 5, "total_actions": 20 }, "System": { "groups": 5, "ungrouped_actions": 0, "total_actions": 20 }, "Test": { "groups": 4, "ungrouped_actions": 0, "total_actions": 6 } } }
07-03 18:34:06.640 I/godot   (12739): [INFO] [debug, test] [font_size=24]2025-07-03T18:34:06 🔄  Completed: system.debug.registry_stats[/font_size]
07-03 18:34:06.640 I/godot   (12739):  { "action": "system.debug.registry_stats" }
07-03 18:34:06.640 I/godot   (12739): [INFO] [debug, test] Completed: system.debug.registry_stats { "category": "System", "group": "Debug", "action": "system.debug.registry_stats", "error": false }
07-03 18:34:06.641 I/godot   (12739): [INFO] [system, event, idle_action, action_complete] === IDLE ACTION PROCESSING COMPLETE === { "remaining_queue_size": 0 }
07-03 18:34:06.642 I/godot   (12739): [INFO] [debug, startup] All debug startup actions have been dispatched to the idle queue. { "count": 1 }
07-03 18:34:06.642 I/godot   (12739): [DEBUG] Active collections { "collections": { "cards": true, "levels": true, "items": true, "players": true, "events": true, "rules": true }, "active_count": 6, "backend_type": "RefCounted", "instance_id": 63401100574 }
07-03 18:34:06.660 I/godot   (12739): [INFO] [game_state] Game starting
07-03 18:34:06.661 I/godot   (12739): [DEBUG] [game_state, event] Resolving core event { "event_type": "Resource" }
07-03 18:34:06.661 I/godot   (12739): [INFO] [game_state, state_transition] Game state transition { "from": "START", "to": "PREPARE" }
07-03 18:34:06.662 I/godot   (12739): [INFO] [game_state, state_transition] Game state changing { "from": "START", "to": "PREPARE" }
07-03 18:34:06.880 I/godot   (12739): [DEBUG] [game_state, ui] Switching to preparation mode
