Godot Engine v4.5.dev.custom_build.4a0ce10a5 (2025-05-12 06:44:00 UTC) - https://godotengine.org
ERROR: Can't create shader cache folder, no shader caching will happen: user://
   at: RasterizerGLES3 (drivers/gles3/rasterizer_gles3.cpp:343)
OpenGL API 4.1 Metal - 89.4 - Compatibility - Using Device: Apple - Apple M1 Pro

ERROR: '"for" iterator variable "part" has no static type.'
ERROR: 'Casting "Variant" to "int" is unsafe.'
ERROR: 'Variable "err_msg" has an implicitly inferred static type.'
ERROR: 'Variable "signal_helper" has an implicitly inferred static type.'
ERROR: 'Variable "timeout_timer" has an implicitly inferred static type.'
ERROR: 'Variable "timeout_callable" has an implicitly inferred static type.'
ERROR: 'Casting "Variant" to "int" is unsafe.'
ERROR: 'Casting "Variant" to "int" is unsafe.'
ERROR: 'Integer used when an enum value is expected. If this is intended cast the integer to the enum type.'
ERROR: 'Casting "Variant" to "int" is unsafe.'
ERROR: 'Casting "Variant" to "int" is unsafe.'
ERROR: 'Variable "temp_signal_helper" has no static type.'
ERROR: 'Casting "Variant" to "bool" is unsafe.'
ERROR: 'Casting "Variant" to "String" is unsafe.'
ERROR: 'Casting "Variant" to "bool" is unsafe.'
ERROR: 'Casting "Variant" to "bool" is unsafe.'
ERROR: '"for" iterator variable "key_name" has no static type.'
ERROR: '"await" keyword not needed in this case, because the expression isn't a coroutine nor a signal.'
ERROR: 'Casting "Variant" to "Object" is unsafe.'
ERROR: 'Casting "Variant" to "Object" is unsafe.'
ERROR: 'Casting "Variant" to "FirebaseBackend" is unsafe.'
ERROR: 'Variable "fb_backend_typed_instance" has an implicitly inferred static type.'
ERROR: 'Casting "Variant" to "Object" is unsafe.'
ERROR: 'Values of the ternary operator are not mutually compatible.'
ERROR: 'Casting "Variant" to "Object" is unsafe.'
ERROR: 'The argument 1 of the constructor "int()" requires the subtype "int", "bool", or "float" but the supertype "Variant" was provided.'
ERROR: 'The local function parameter "name" is shadowing an already-declared property in the base class "Node".'
ERROR: 'Variable "action" has an implicitly inferred static type.'
ERROR: 'The argument 1 of the function "assign()" requires the subtype "Array" but the supertype "Variant" was provided.'
ERROR: '"for" iterator variable "group" has no static type.'
ERROR: 'The argument 1 of the function "append_array()" requires the subtype "Array" but the supertype "Variant" was provided.'
ERROR: 'The argument 1 of the function "append_array()" requires the subtype "Array" but the supertype "Variant" was provided.'
ERROR: 'Function "<anonymous lambda>()" has no static return type.'
ERROR: '"for" iterator variable "i" has an implicitly inferred static type.'
ERROR: 'Function "<anonymous lambda>()" has no static return type.'
ERROR: 'Function "<anonymous lambda>()" has no static return type.'
ERROR: 'Function "<anonymous lambda>()" has no static return type.'
ERROR: 'Function "<anonymous lambda>()" has no static return type.'
ERROR: 'Function "<anonymous lambda>()" has no static return type.'
ERROR: 'Function "<anonymous lambda>()" has no static return type.'
ERROR: 'Variable "dir_path" has an implicitly inferred static type.'
ERROR: 'Variable "dir" has an implicitly inferred static type.'
ERROR: 'Variable "file_name" has an implicitly inferred static type.'
ERROR: 'Variable "resource_path" has an implicitly inferred static type.'
ERROR: 'Variable "resource" has no static type.'
ERROR: 'The argument 1 of the function "register_action()" requires the subtype "ManualDebugAction" but the supertype "Variant" was provided.'
ERROR: '"for" iterator variable "n" has an implicitly inferred static type.'
ERROR: 'Variable "new_card" has no static type.'
ERROR: 'The argument 1 of the function "new()" requires the subtype "Card" but the supertype "Variant" was provided.'
ERROR: '"for" iterator variable "n" has an implicitly inferred static type.'
ERROR: 'Variable "new_card" has no static type.'
ERROR: 'The argument 1 of the function "new()" requires the subtype "Card" but the supertype "Variant" was provided.'
ERROR: 'Function "_ready()" has no static return type.'
ERROR: 'The parameter "target_node" is never used in the function "execute()". If this is intended, prefix it with an underscore: "_target_node".'
ERROR: 'Variable "label" has no static type.'
ERROR: 'Variable "color_tag" has no static type.'
ERROR: 'Variable "error_info" has no static type.'
DebugActionRegistry instance created
ERROR: 'Parameter "event_type" has no static type.'
ERROR: 'The parameter "args" is never used in the function "_on_debug_event()". If this is intended, prefix it with an underscore: "_args".'
ERROR: 'Constant "LOG_TAG" has an implicitly inferred static type.'
ERROR: '"for" iterator variable "category_name" has no static type.'
ERROR: '"for" iterator variable "category_name" has an implicitly inferred static type.'
ERROR: '"for" iterator variable "group_name" has no static type.'
ERROR: '"for" iterator variable "category_name" has an implicitly inferred static type.'
ERROR: '"for" iterator variable "category_name" has no static type.'
ERROR: '"for" iterator variable "cat_name" has an implicitly inferred static type.'
ERROR: '"for" iterator variable "group_name" has an implicitly inferred static type.'
ERROR: '"for" iterator variable "action" has an implicitly inferred static type.'
ERROR: 'The variable "manual_groups" is declared below in the parent block.'
ERROR: '"for" iterator variable "group_name" has an implicitly inferred static type.'
ERROR: '"for" iterator variable "group_name" has an implicitly inferred static type.'
ERROR: 'Variable "registry" has no static type.'
ERROR: '"for" iterator variable "manual_action" has no static type.'
ERROR: 'The argument 1 of the function "add_item()" requires the subtype "String" but the supertype "Variant" was provided.'
ERROR: 'The argument 2 of the function "set_item_tooltip()" requires the subtype "String" but the supertype "Variant" was provided.'
ERROR: 'The argument 1 of the function "_populate_groups_view()" requires the subtype "String" but the supertype "Variant" was provided.'
ERROR: 'The argument 1 of the function "_populate_category_with_actions_view()" requires the subtype "String" but the supertype "Variant" was provided.'
ERROR: 'The argument 2 of the function "_populate_actions_view()" requires the subtype "String" but the supertype "Variant" was provided.'
ERROR: 'Variable "action" has no static type.'
ERROR: 'The argument 1 of the function "_execute_manual_action()" requires the subtype "ManualDebugAction" but the supertype "Variant" was provided.'
ERROR: 'The argument 1 of the function "_execute_single_action()" requires the subtype "DebugAction" but the supertype "Variant" was provided.'
ERROR: 'Variable "registry" has no static type.'
ERROR: '"for" iterator variable "group_name" has an implicitly inferred static type.'
ERROR: 'Variable "debug_actions" has no static type.'
ERROR: '"for" iterator variable "action" has no static type.'
ERROR: '"for" iterator variable "group_name" has no static type.'
ERROR: '"for" iterator variable "manual_action" has no static type.'
ERROR: '"for" iterator variable "manual_action" has no static type.'
ERROR: 'Variable "debug_actions" has no static type.'
ERROR: '"for" iterator variable "action" has no static type.'
ERROR: '"for" iterator variable "manual_action" has no static type.'
ERROR: '"await" keyword not needed in this case, because the expression isn't a coroutine nor a signal.'
ERROR: 'Variable "passed_count" has an implicitly inferred static type.'
ERROR: 'Variable "failed_count" has an implicitly inferred static type.'
ERROR: '"for" iterator variable "i" has an implicitly inferred static type.'
ERROR: 'Variable "action" has no static type.'
ERROR: 'Variable "payload" has no static type.'
ERROR: 'Variable "final_summary" has no static type.'
ERROR: 'The argument 1 of the function "_update_status_label_text()" requires the subtype "String" but the supertype "Variant" was provided.'
2025-05-25 10:55:08 DEBUG                                                    Registered ungrouped action: Reset Match Level in category: Gameplay (manual_debug_registry.gd:35)
2025-05-25 10:55:08 DEBUG                                                    Registered grouped action: Load Match Level 1 in Gameplay > Match Levels (manual_debug_registry.gd:43)
2025-05-25 10:55:08 DEBUG                                                    Registered grouped action: Load Match Level 2 in Gameplay > Match Levels (manual_debug_registry.gd:43)
2025-05-25 10:55:08 DEBUG                                                    Registered grouped action: Load Match Level 3 in Gameplay > Match Levels (manual_debug_registry.gd:43)
2025-05-25 10:55:08 DEBUG                                                    Registered grouped action: Load Match Level 4 in Gameplay > Match Levels (manual_debug_registry.gd:43)
2025-05-25 10:55:08 DEBUG                                                    Registered grouped action: Load Match Level 5 in Gameplay > Match Levels (manual_debug_registry.gd:43)
2025-05-25 10:55:08 DEBUG                                                    Registered grouped action: Populate Enemy Lineup in Gameplay > Preset Lineups (manual_debug_registry.gd:43)
2025-05-25 10:55:08 DEBUG                                                    Registered grouped action: Clear Card Cache in Database > Cache (manual_debug_registry.gd:43)
2025-05-25 10:55:08 DEBUG                                                    Registered ungrouped action: Toggle Local Battle DB in category: Database (manual_debug_registry.gd:35)
2025-05-25 10:55:08 DEBUG                                                    Registered ungrouped action: Cycle Asset Variant in category: Quick Actions (manual_debug_registry.gd:35)
2025-05-25 10:55:08 DEBUG                                                    Registered ungrouped action: Print Debug Info in category: Quick Actions (manual_debug_registry.gd:35)
2025-05-25 10:55:08 DEBUG                                                    Registered ungrouped action: Force Garbage Collection in category: System (manual_debug_registry.gd:35)
2025-05-25 10:55:08 DEBUG                                                    Registered grouped action: Give 1000 Gold in Cheats > Currency (manual_debug_registry.gd:43)
2025-05-25 10:55:08 DEBUG                                                    Loaded manual action from: give_gold_action.tres (manual_debug_registry.gd:213)
2025-05-25 10:55:08 INFO                                                     ManualDebugRegistry initialized with 13 actions (manual_debug_registry.gd:19)
2025-05-25 10:55:08 INFO       [debug, system]                               DebugManager (Global Event Bus) initialized. (debug_manager.gd:48)
2025-05-25 10:55:08 INFO       [debug, system]                               DebugActionRegistry initializing... (debug_action_registry.gd:13)
ERROR: 'Function "_init()" has no static return type.'
ERROR: 'Variable "info" has no static type.'
ERROR: 'Variable "formatted_info" has no static type.'
ERROR: '"for" iterator variable "key" has no static type.'
ERROR: 'The argument 2 of the function "info()" requires the subtype "Dictionary" but the supertype "Variant" was provided.'
ERROR: 'The argument 2 of the function "_update_status()" requires the subtype "String" but the supertype "Variant" was provided.'
2025-05-25 10:55:08 INFO       [debug, system]                               Loaded action: Log System Information (debug_action_registry.gd:106)
ERROR: 'The local function parameter "deadline_ms" is shadowing an already-declared function at line 19 in the current class.'
ERROR: 'The variable "op_data" is declared below in the parent block.'
ERROR: 'The argument 1 of the function "elapsed_ms()" requires the subtype "int" but the supertype "Variant" was provided.'
ERROR: 'The argument 1 of the function "elapsed_ms()" requires the subtype "int" but the supertype "Variant" was provided.'
ERROR: 'The argument 1 of the function "elapsed_ms()" requires the subtype "int" but the supertype "Variant" was provided.'
ERROR: 'Variable "op_manager" has an implicitly inferred static type.'
ERROR: 'The argument 1 of the function "_failure()" requires the subtype "String" but the supertype "Variant" was provided.'
ERROR: '"for" iterator variable "element" has an implicitly inferred static type.'
ERROR: 'Variable "db" has no static type.'
ERROR: '"for" iterator variable "i" has an implicitly inferred static type.'
ERROR: 'The argument 1 of the function "_execute_single_operation()" requires the subtype "Object" but the supertype "Variant" was provided.'
ERROR: '"for" iterator variable "result" has an implicitly inferred static type.'
ERROR: 'The parameter "target_node" is never used in the function "_execute_single_operation()". If this is intended, prefix it with an underscore: "_target_node".'
ERROR: 'Variable "op_manager" has an implicitly inferred static type.'
2025-05-25 10:55:08 INFO       [debug, system]                               Loaded action: Batch Operations (debug_action_registry.gd:106)
ERROR: 'The argument 2 of the function "_update_status()" requires the subtype "String" but the supertype "Variant" was provided.'
ERROR: 'The argument 1 of the function "_failure()" requires the subtype "String" but the supertype "Variant" was provided.'
2025-05-25 10:55:08 INFO       [debug, system]                               Loaded action: Child Added Listener (debug_action_registry.gd:106)
ERROR: 'The argument 2 of the function "_update_status()" requires the subtype "String" but the supertype "Variant" was provided.'
ERROR: 'The argument 1 of the function "_failure()" requires the subtype "String" but the supertype "Variant" was provided.'
2025-05-25 10:55:08 INFO       [debug, system]                               Loaded action: Child Changed Listener (debug_action_registry.gd:106)
ERROR: 'The argument 2 of the function "_update_status()" requires the subtype "String" but the supertype "Variant" was provided.'
ERROR: 'The argument 1 of the function "_failure()" requires the subtype "String" but the supertype "Variant" was provided.'
2025-05-25 10:55:08 INFO       [debug, system]                               Loaded action: Child Removed Listener (debug_action_registry.gd:106)
ERROR: 'Variable "db" has no static type.'
ERROR: '"for" iterator variable "operation" has an implicitly inferred static type.'
ERROR: '"for" iterator variable "task" has an implicitly inferred static type.'
ERROR: '"for" iterator variable "result" has an implicitly inferred static type.'
ERROR: 'The parameter "target_node" is never used in the function "_start_concurrent_operation()". If this is intended, prefix it with an underscore: "_target_node".'
2025-05-25 10:55:08 INFO       [debug, system]                               Loaded action: Concurrent Operations (debug_action_registry.gd:106)
2025-05-25 10:55:08 INFO       [debug, system]                               Loaded action: Delete Value (debug_action_registry.gd:106)
ERROR: 'Variable "db" has no static type.'
ERROR: '"for" iterator variable "scenario" has an implicitly inferred static type.'
ERROR: '"for" iterator variable "test" has an implicitly inferred static type.'
ERROR: '"for" iterator variable "i" has an implicitly inferred static type.'
ERROR: '"for" iterator variable "i" has an implicitly inferred static type.'
ERROR: 'Integer division, decimal part will be discarded.'
ERROR: '"for" iterator variable "i" has an implicitly inferred static type.'
2025-05-25 10:55:08 INFO       [debug, system]                               Loaded action: Error Handling Test (debug_action_registry.gd:106)
ERROR: 'The argument 1 of the function "_failure()" requires the subtype "String" but the supertype "Variant" was provided.'
2025-05-25 10:55:08 INFO       [debug, system]                               Loaded action: Get Nested Path (debug_action_registry.gd:106)
2025-05-25 10:55:08 INFO       [debug, system]                               Loaded action: Get Simple Value (debug_action_registry.gd:106)
ERROR: 'Variable "db" has no static type.'
ERROR: 'The argument 1 of the function "execute_firebase_operation()" requires the subtype "Object" but the supertype "Variant" was provided.'
ERROR: 'The argument 1 of the function "execute_firebase_operation()" requires the subtype "Object" but the supertype "Variant" was provided.'
ERROR: '"for" iterator variable "i" has an implicitly inferred static type.'
ERROR: '"for" iterator variable "i" has an implicitly inferred static type.'
ERROR: '"for" iterator variable "i" has an implicitly inferred static type.'
ERROR: '"for" iterator variable "i" has an implicitly inferred static type.'
ERROR: '"for" iterator variable "i" has an implicitly inferred static type.'
2025-05-25 10:55:08 INFO       [debug, system]                               Loaded action: Large Data Test (debug_action_registry.gd:106)
ERROR: 'Variable "op_manager" has an implicitly inferred static type.'
ERROR: 'The argument 2 of the function "_update_status()" requires the subtype "String" but the supertype "Variant" was provided.'
ERROR: 'The argument 1 of the function "_failure()" requires the subtype "String" but the supertype "Variant" was provided.'
2025-05-25 10:55:08 INFO       [debug, system]                               Loaded action: List Children (debug_action_registry.gd:106)
ERROR: 'Variable "db" has no static type.'
ERROR: '"for" iterator variable "test_case" has an implicitly inferred static type.'
ERROR: '"for" iterator variable "test_case" has an implicitly inferred static type.'
ERROR: '"for" iterator variable "result" has an implicitly inferred static type.'
2025-05-25 10:55:08 INFO       [debug, system]                               Loaded action: Path Validation (debug_action_registry.gd:106)
ERROR: 'Variable "db" has no static type.'
ERROR: '"for" iterator variable "path" has an implicitly inferred static type.'
2025-05-25 10:55:08 INFO       [debug, system]                               Loaded action: Remove All Listeners (debug_action_registry.gd:106)
2025-05-25 10:55:08 INFO       [debug, system]                               Loaded action: Set Nested Path (debug_action_registry.gd:106)
2025-05-25 10:55:08 INFO       [debug, system]                               Loaded action: Set Simple Value (debug_action_registry.gd:106)
ERROR: 'Variable "db" has no static type.'
2025-05-25 10:55:08 INFO       [debug, system]                               Loaded action: Single Value Listener (debug_action_registry.gd:106)
ERROR: 'Variable "db" has no static type.'
ERROR: 'The argument 1 of the function "new()" requires the subtype "Object" but the supertype "Variant" was provided.'
ERROR: 'Variable "op_manager" has an implicitly inferred static type.'
ERROR: '"for" iterator variable "i" has an implicitly inferred static type.'
ERROR: 'The argument 1 of the function "_perform_counter_transaction()" requires the subtype "Object" but the supertype "Variant" was provided.'
ERROR: '"for" iterator variable "result" has an implicitly inferred static type.'
ERROR: 'The parameter "target_node" is never used in the function "_perform_counter_transaction()". If this is intended, prefix it with an underscore: "_target_node".'
ERROR: 'Variable "op_manager" has an implicitly inferred static type.'
2025-05-25 10:55:08 INFO       [debug, system]                               Loaded action: Transaction Test (debug_action_registry.gd:106)
2025-05-25 10:55:08 INFO       [debug, system]                               Loaded action: Update Value (debug_action_registry.gd:106)
2025-05-25 10:55:08 INFO       [debug, system]                               DebugActionRegistry: Loaded 19 actions. (debug_action_registry.gd:38)
2025-05-25 10:55:08 INFO       [network]                                     Internet status checker (HTTPRequest) initialized (internet_status.gd:15)
Facebook plugin not found!
2025-05-25 10:55:08 INFO       [database]                                    DataSource initializing { "instance_id": 109085459889 } (data_source.gd:30)
2025-05-25 10:55:08 INFO       [ui, system]                                  UI autoload initialized (ui.gd:77)
2025-05-25 10:55:08 INFO       [system]                                      Core autoload initialized (core.gd:184)
2025-05-25 10:55:08 INFO       [debug, ui, initialization]                   DebugMenuController ready. (debug_menu_controller.gd:37)
2025-05-25 10:55:08 DEBUG      [debug_ui]                                    Populating main categories view (debug_menu_controller.gd:96)
2025-05-25 10:55:08 DEBUG      [manual_action_service]                       Found category with grouped actions { "category": "Gameplay" } (manual_action_data_service.gd:23)
2025-05-25 10:55:08 DEBUG      [manual_action_service]                       Found category with grouped actions { "category": "Database" } (manual_action_data_service.gd:23)
2025-05-25 10:55:08 DEBUG      [manual_action_service]                       Found category with grouped actions { "category": "Cheats" } (manual_action_data_service.gd:23)
2025-05-25 10:55:08 DEBUG      [manual_action_service]                       Retrieved manual action categories { "count": 3, "categories": ["Gameplay", "Database", "Cheats"] } (manual_action_data_service.gd:32)
2025-05-25 10:55:08 DEBUG      [manual_action_service]                       Checked for ungrouped actions { "category": "RTDB", "has_ungrouped": false } (manual_action_data_service.gd:83)
2025-05-25 10:55:08 DEBUG      [debug_ui]                                    Added category item { "category": "RTDB", "has_direct_actions": false, "index": 0 } (debug_menu_controller.gd:625)
2025-05-25 10:55:08 DEBUG      [manual_action_service]                       Checked for ungrouped actions { "category": "System", "has_ungrouped": true } (manual_action_data_service.gd:83)
2025-05-25 10:55:08 DEBUG      [debug_ui]                                    Added category item { "category": "System", "has_direct_actions": true, "index": 1 } (debug_menu_controller.gd:625)
2025-05-25 10:55:08 DEBUG      [manual_action_service]                       Checked for ungrouped actions { "category": "Gameplay", "has_ungrouped": true } (manual_action_data_service.gd:83)
2025-05-25 10:55:08 DEBUG      [debug_ui]                                    Added category item { "category": "Gameplay", "has_direct_actions": true, "index": 2 } (debug_menu_controller.gd:625)
2025-05-25 10:55:08 DEBUG      [manual_action_service]                       Checked for ungrouped actions { "category": "Database", "has_ungrouped": true } (manual_action_data_service.gd:83)
2025-05-25 10:55:08 DEBUG      [debug_ui]                                    Added category item { "category": "Database", "has_direct_actions": true, "index": 3 } (debug_menu_controller.gd:625)
2025-05-25 10:55:08 DEBUG      [manual_action_service]                       Checked for ungrouped actions { "category": "Cheats", "has_ungrouped": false } (manual_action_data_service.gd:83)
2025-05-25 10:55:08 DEBUG      [debug_ui]                                    Added category item { "category": "Cheats", "has_direct_actions": false, "index": 4 } (debug_menu_controller.gd:625)
2025-05-25 10:55:08 INFO       [debug_ui]                                    Main categories populated { "total_categories": 5, "manual_categories": 3 } (debug_menu_controller.gd:126)
2025-05-25 10:55:08 DEBUG      [manual_action_service]                       Found category with grouped actions { "category": "Gameplay" } (manual_action_data_service.gd:23)
2025-05-25 10:55:08 DEBUG      [manual_action_service]                       Found category with grouped actions { "category": "Database" } (manual_action_data_service.gd:23)
2025-05-25 10:55:08 DEBUG      [manual_action_service]                       Found category with grouped actions { "category": "Cheats" } (manual_action_data_service.gd:23)
2025-05-25 10:55:08 DEBUG      [manual_action_service]                       Retrieved manual action categories { "count": 3, "categories": ["Gameplay", "Database", "Cheats"] } (manual_action_data_service.gd:32)
2025-05-25 10:55:08 DEBUG      [manual_action_service]                       Retrieved groups for category { "category": "Gameplay", "group_count": 2, "groups": ["Match Levels", "Preset Lineups"] } (manual_action_data_service.gd:49)
2025-05-25 10:55:08 DEBUG      [manual_action_service]                       Checked for ungrouped actions { "category": "Gameplay", "has_ungrouped": true } (manual_action_data_service.gd:83)
2025-05-25 10:55:08 DEBUG      [manual_action_service]                       Retrieved ungrouped actions { "category": "Gameplay", "action_count": 1 } (manual_action_data_service.gd:68)
2025-05-25 10:55:08 DEBUG      [manual_action_service]                       Retrieved groups for category { "category": "Database", "group_count": 1, "groups": ["Cache"] } (manual_action_data_service.gd:49)
2025-05-25 10:55:08 DEBUG      [manual_action_service]                       Checked for ungrouped actions { "category": "Database", "has_ungrouped": true } (manual_action_data_service.gd:83)
2025-05-25 10:55:08 DEBUG      [manual_action_service]                       Retrieved ungrouped actions { "category": "Database", "action_count": 1 } (manual_action_data_service.gd:68)
2025-05-25 10:55:08 DEBUG      [manual_action_service]                       Retrieved groups for category { "category": "Cheats", "group_count": 1, "groups": ["Currency"] } (manual_action_data_service.gd:49)
2025-05-25 10:55:08 DEBUG      [manual_action_service]                       Checked for ungrouped actions { "category": "Cheats", "has_ungrouped": false } (manual_action_data_service.gd:83)
2025-05-25 10:55:08 INFO       [manual_action_service]                       Manual action debug summary { "manual_actions_available": true, "total_categories": 3, "categories_with_grouped": 3, "categories_with_ungrouped": 2, "total_groups": 4, "total_ungrouped_actions": 2 } (manual_action_data_service.gd:188)
2025-05-25 10:55:08 DEBUG      [debug_ui, manual_actions]                    Manual action service initialized { "manual_actions_available": true, "total_categories": 3, "categories_with_grouped": 3, "categories_with_ungrouped": 2, "total_groups": 4, "total_ungrouped_actions": 2 } (debug_menu_controller.gd:65)
2025-05-25 10:55:08 DEBUG      [initialization, level]                       Level controller initializing (level_controller.gd:13)
2025-05-25 10:55:08 DEBUG      [initialization, system]                      Game initializing (game.gd:37)
2025-05-25 10:55:08 INFO       [system, initialization]                      Main scene initialized (main.gd:5)
============================================
Advanced Logger debug filter logging DISABLED
============================================
2025-05-25 10:55:08 INFO       [system, initialization]                      Using updated DataSource implementation (main.gd:12)
2025-05-25 10:55:08 INFO       [system, initialization]                      Running on macOS platform (main.gd:22)
2025-05-25 10:55:08 DEBUG      [database]                                    Starting DataSource initialization { "instance_id": 109085459889 } (data_source.gd:39)
2025-05-25 10:55:08 INFO       [database]                                    Running in editor, selecting local data source (backend_factory.gd:110)
2025-05-25 10:55:08 DEBUG      [database, local_data]                        BackendFactory: Creating local JSON backend instance. { "custom_file_path": false } (backend_factory.gd:297)
2025-05-25 10:55:08 INFO       [database, local_data]                        LocalJSONBackend initializing { "backend_id": -9223371829035399071 } (local_json_backend.gd:22)
2025-05-25 10:55:08 DEBUG      [database, local_data]                        LocalJSONBackend file paths { "battle_db_file": "res://resources/gameone-577cb-export.json", "current_file": "res://resources/gameone-577cb-export.json", "backend_id": -9223371829035399071 } (local_json_backend.gd:39)
2025-05-25 10:55:08 INFO       [local_data]                                  LocalJSONBackend instance created successfully. Class: RefCounted (backend_factory.gd:323)
2025-05-25 10:55:08 DEBUG      [database]                                    BackendFactory: Initializing chosen backend: RefCounted (Instance ID: -9223371829035399071) (backend_factory.gd:167)
2025-05-25 10:55:08 DEBUG      [local_data]                                  Using battle database file { "file": "res://resources/gameone-577cb-export.json" } (local_json_backend.gd:54)
2025-05-25 10:55:08 INFO       [local_data, database]                        Loading local data file { "file": "res://resources/gameone-577cb-export.json", "backend_id": -9223371829035399071 } (local_json_backend.gd:279)
2025-05-25 10:55:08 DEBUG      [local_data]                                  File opened successfully, reading content { "file": "res://resources/gameone-577cb-export.json", "backend_id": -9223371829035399071 } (local_json_backend.gd:308)
2025-05-25 10:55:08 DEBUG      [local_data]                                  File read complete { "file": "res://resources/gameone-577cb-export.json", "size_bytes": 417498, "backend_id": -9223371829035399071 } (local_json_backend.gd:318)
2025-05-25 10:55:08 INFO       [local_data, database]                        Local data file loaded successfully { "file": "res://resources/gameone-577cb-export.json", "top_level_keys": ["1WTKwZ8aXSeQVEVT8qeNtwUZepVZh7wv5skRGn_zFUsY", "events", "players", "zen", "zen_players"], "key_count": 5, "backend_id": -9223371829035399071 } (local_json_backend.gd:350)
2025-05-25 10:55:08 DEBUG      [local_data, database]                        Data structure details { "structure": { "1WTKwZ8aXSeQVEVT8qeNtwUZepVZh7wv5skRGn_zFUsY": { "type": "Dictionary", "size": 12, "keys": ["cards_0", "event_data_0", "items_0", "levels_0", "rules_0"] }, "events": { "type": "Dictionary", "size": 2, "keys": ["event_1", "event_2"] }, "players": { "type": "Dictionary", "size": 14, "keys": ["0IFVa4UfguWtMqKt9vaG0Ejhcm43", "3ejbxJpfzggt53MMoSmaLZk0KZt1", "BSsTupQkUjSZrm6RrbfSrCWDRnk1", "FLhqBCvW6MYlB0YbBRITU3m77ST2", "MM8J6PopV5ffHXFMI3H4pfSSES12"] }, "zen": { "type": "Dictionary", "size": 1, "keys": ["levels"] }, "zen_players": { "type": "Dictionary", "size": 20, "keys": ["0XW0aF3mgWQUr6k9ugrUlgvIss92", "2lVS33FUs3OcHdbxL61iP4wG1sj2", "6RVtUgcHwBZdA1PQ4jn26OIhkfN2", "7E7oaVZIOkWjPXzLt8UZgfcd6Iq2", "90PmPtA0Czcla470z2XP6PzNgXj1"] } }, "backend_id": -9223371829035399071 } (local_json_backend.gd:386)
2025-05-25 10:55:08 INFO       [database]                                    BackendFactory: Successfully initialized backend: RefCounted (Instance ID: -9223371829035399071) (backend_factory.gd:177)
2025-05-25 10:55:08 DEBUG      [database]                                    Backend created { "backend_type": "RefCounted", "using_local_data": true, "instance_id": 109085459889 } (data_source.gd:50)
2025-05-25 10:55:08 DEBUG      [database]                                    Initializing collections { "test_group": 0, "instance_id": 109085459889 } (data_source.gd:88)
2025-05-25 10:55:08 DEBUG      [database]                                    Initializing collection { "collection_name": "cards", "instance_id": 109085459889 } (data_source.gd:125)
2025-05-25 10:55:08 DEBUG      [database]                                    Initializing collection { "collection_name": "cards", "instance_id": 109085459889 } (data_source.gd:178)
2025-05-25 10:55:08 DEBUG      [database]                                    BaseCollection initialized { "collection_name": "cards", "base_path": ["1WTKwZ8aXSeQVEVT8qeNtwUZepVZh7wv5skRGn_zFUsY"] } (base_collection.gd:30)
2025-05-25 10:55:08 INFO       [database]                                    CardCollection initialized { "test_group": 0 } (card_collection.gd:20)
2025-05-25 10:55:08 DEBUG      [database]                                    Successfully initialized collection { "collection_name": "cards", "instance_id": 109085459889 } (data_source.gd:188)
2025-05-25 10:55:08 DEBUG      [database]                                    Initializing collection { "collection_name": "levels", "instance_id": 109085459889 } (data_source.gd:125)
2025-05-25 10:55:08 DEBUG      [database]                                    Initializing collection { "collection_name": "levels", "instance_id": 109085459889 } (data_source.gd:178)
2025-05-25 10:55:08 DEBUG      [database]                                    BaseCollection initialized { "collection_name": "Levels", "base_path": ["1WTKwZ8aXSeQVEVT8qeNtwUZepVZh7wv5skRGn_zFUsY"] } (base_collection.gd:30)
2025-05-25 10:55:08 INFO       [database]                                    LevelCollection initialized { "test_group": 0 } (level_collection.gd:18)
2025-05-25 10:55:08 DEBUG      [database]                                    Successfully initialized collection { "collection_name": "levels", "instance_id": 109085459889 } (data_source.gd:188)
2025-05-25 10:55:08 DEBUG      [database]                                    Initializing collection { "collection_name": "items", "instance_id": 109085459889 } (data_source.gd:125)
2025-05-25 10:55:08 DEBUG      [database]                                    Initializing collection { "collection_name": "items", "instance_id": 109085459889 } (data_source.gd:178)
2025-05-25 10:55:08 DEBUG      [database]                                    BaseCollection initialized { "collection_name": "items", "base_path": ["1WTKwZ8aXSeQVEVT8qeNtwUZepVZh7wv5skRGn_zFUsY"] } (base_collection.gd:30)
2025-05-25 10:55:08 INFO       [database]                                    ItemCollection initialized { "test_group": 0 } (item_collection.gd:26)
2025-05-25 10:55:08 DEBUG      [database]                                    Successfully initialized collection { "collection_name": "items", "instance_id": 109085459889 } (data_source.gd:188)
2025-05-25 10:55:08 DEBUG      [database]                                    Initializing collection { "collection_name": "players", "instance_id": 109085459889 } (data_source.gd:125)
2025-05-25 10:55:08 DEBUG      [database]                                    Initializing collection { "collection_name": "players", "instance_id": 109085459889 } (data_source.gd:178)
2025-05-25 10:55:08 DEBUG      [database]                                    BaseCollection initialized { "collection_name": "players", "base_path": ["players"] } (base_collection.gd:30)
2025-05-25 10:55:08 INFO       [database]                                    PlayerCollection initialized (player_collection.gd:9)
2025-05-25 10:55:08 DEBUG      [database]                                    Successfully initialized collection { "collection_name": "players", "instance_id": 109085459889 } (data_source.gd:188)
2025-05-25 10:55:08 DEBUG      [database]                                    Initializing collection { "collection_name": "events", "instance_id": 109085459889 } (data_source.gd:125)
2025-05-25 10:55:08 DEBUG      [database]                                    Initializing collection { "collection_name": "events", "instance_id": 109085459889 } (data_source.gd:178)
2025-05-25 10:55:08 DEBUG      [database]                                    BaseCollection initialized { "collection_name": "events", "base_path": ["1WTKwZ8aXSeQVEVT8qeNtwUZepVZh7wv5skRGn_zFUsY"] } (base_collection.gd:30)
2025-05-25 10:55:08 INFO       [database]                                    EventCollection initialized { "test_group": 0 } (event_collection.gd:13)
2025-05-25 10:55:08 DEBUG      [database]                                    Successfully initialized collection { "collection_name": "events", "instance_id": 109085459889 } (data_source.gd:188)
2025-05-25 10:55:08 DEBUG      [database]                                    Initializing collection { "collection_name": "rules", "instance_id": 109085459889 } (data_source.gd:125)
2025-05-25 10:55:08 DEBUG      [database]                                    Initializing collection { "collection_name": "rules", "instance_id": 109085459889 } (data_source.gd:178)
2025-05-25 10:55:08 DEBUG      [database]                                    BaseCollection initialized { "collection_name": "rules", "base_path": ["1WTKwZ8aXSeQVEVT8qeNtwUZepVZh7wv5skRGn_zFUsY"] } (base_collection.gd:30)
2025-05-25 10:55:08 INFO       [database]                                    RulesCollection initialized { "test_group": 0 } (rules_collection.gd:13)
2025-05-25 10:55:08 DEBUG      [database]                                    Successfully initialized collection { "collection_name": "rules", "instance_id": 109085459889 } (data_source.gd:188)
2025-05-25 10:55:08 DEBUG      [database]                                    DataSource collections initialized successfully { "instance_id": 109085459889 } (data_source.gd:108)
2025-05-25 10:55:08 DEBUG      [database]                                    Waiting for backend startup { "instance_id": 109085459889 } (data_source.gd:68)
2025-05-25 10:55:08 DEBUG      [database]                                    Firebase availability check { "available": false, "backend_type": "RefCounted" } (data_source.gd:210)
2025-05-25 10:55:08 INFO       [database]                                    DataSource initialization complete { "firebase_available": false, "instance_id": 109085459889 } (data_source.gd:73)
2025-05-25 10:55:08 DEBUG      [initialization, system]                      Setting up game systems (game.gd:53)
2025-05-25 10:55:08 INFO       [database]                                    Getting rules data { "collection_name": "rules", "collection_key": "rules_0", "collection_id": -9223371826703366040, "stack_trace": [{ "function": "_get_stack_trace", "file": "rules_collection.gd", "line": 84 }, { "function": "get_rules", "file": "rules_collection.gd", "line": 19 }] } (rules_collection.gd:19)
2025-05-25 10:55:08 DEBUG      [database, local_data]                        Getting local data { "path": ["1WTKwZ8aXSeQVEVT8qeNtwUZepVZh7wv5skRGn_zFUsY"], "key": "rules_0", "call_stack": [{ "function": "get_rules", "file": "rules_collection.gd", "line": 30 }, { "function": "setup", "file": "card_controller.gd", "line": 25 }, { "function": "setup", "file": "clicker.gd", "line": 15 }], "backend_id": -9223371829035399071 } (local_json_backend.gd:75)
2025-05-25 10:55:08 DEBUG      [database, local_data]                        Navigating path with JSONPathNavigator { "original_path": ["1WTKwZ8aXSeQVEVT8qeNtwUZepVZh7wv5skRGn_zFUsY"], "navigation_path": ["1WTKwZ8aXSeQVEVT8qeNtwUZepVZh7wv5skRGn_zFUsY"], "backend_id": -9223371829035399071 } (local_json_backend.gd:124)
2025-05-25 10:55:08 INFO       [database, local_data]                        Successfully navigated to data { "path": ["1WTKwZ8aXSeQVEVT8qeNtwUZepVZh7wv5skRGn_zFUsY"], "key": "rules_0", "value_info": { "type": 28, "size": 1, "is_array": true }, "backend_id": -9223371829035399071 } (local_json_backend.gd:145)
2025-05-25 10:55:08 DEBUG      [database]                                    Rules data request completed { "duration_ms": 0, "result_null": false, "result_empty": false, "collection_name": "rules", "collection_id": -9223371826703366040 } (rules_collection.gd:33)
2025-05-25 10:55:08 DEBUG      [database]                                    Validating rules data structure { "result_keys": ["battle_reward_loss", "battle_reward_win", "chance_lvl_2_star_1", "chance_lvl_2_star_2", "chance_lvl_3_star_1", "chance_lvl_3_star_2", "chance_lvl_3_star_3", "id", "notch_devices", "start_energy", "upgrade_cost_lvl_2", "upgrade_cost_lvl_3", "upgrade_slots_lvl_1", "upgrade_slots_lvl_2", "upgrade_slots_lvl_3", "value_recruit_unit", "value_roll", "value_sell_item", "value_sell_unit", "value_upgrade"], "collection_name": "rules", "collection_id": -9223371826703366040 } (rules_collection.gd:69)
2025-05-25 10:55:08 INFO       [cache, database]                             Activating card cache { "instance_id": 109085459889 } (data_source.gd:226)
2025-05-25 10:55:08 INFO       [database]                                    Getting all cards { "use_cache": true, "cache_initialized": false, "collection_name": "cards", "collection_key": "cards_0", "collection_id": -9223371828045543326, "stack_trace": [{ "function": "_get_stack_trace", "file": "card_collection.gd", "line": 248 }, { "function": "get_all", "file": "card_collection.gd", "line": 40 }] } (card_collection.gd:40)
2025-05-25 10:55:08 DEBUG      [database, local_data]                        Getting local data { "path": ["1WTKwZ8aXSeQVEVT8qeNtwUZepVZh7wv5skRGn_zFUsY"], "key": "cards_0", "call_stack": [{ "function": "get_all", "file": "card_collection.gd", "line": 56 }, { "function": "activate_card_cache", "file": "data_source.gd", "line": 234 }, { "function": "setup", "file": "card_controller.gd", "line": 26 }], "backend_id": -9223371829035399071 } (local_json_backend.gd:75)
2025-05-25 10:55:08 DEBUG      [database, local_data]                        Navigating path with JSONPathNavigator { "original_path": ["1WTKwZ8aXSeQVEVT8qeNtwUZepVZh7wv5skRGn_zFUsY"], "navigation_path": ["1WTKwZ8aXSeQVEVT8qeNtwUZepVZh7wv5skRGn_zFUsY"], "backend_id": -9223371829035399071 } (local_json_backend.gd:124)
2025-05-25 10:55:08 INFO       [database, local_data]                        Successfully navigated to data { "path": ["1WTKwZ8aXSeQVEVT8qeNtwUZepVZh7wv5skRGn_zFUsY"], "key": "cards_0", "value_info": { "type": 28, "size": 19, "is_array": true }, "backend_id": -9223371829035399071 } (local_json_backend.gd:145)
2025-05-25 10:55:08 DEBUG      [database]                                    Retrieved card data array directly { "duration_ms": 1, "count": 19, "collection_name": "cards", "collection_id": -9223371828045543326 } (card_collection.gd:67)
2025-05-25 10:55:08 DEBUG      [database]                                    Backend get_data call completed { "duration_ms": 1, "collection_name": "cards", "collection_key": "cards_0", "result_null": false, "collection_id": -9223371828045543326 } (card_collection.gd:105)
2025-05-25 10:55:08 DEBUG      [database]                                    Processing card data result { "result_type": 28, "is_array": true, "result_size": 19, "collection_name": "cards", "collection_id": -9223371828045543326 } (card_collection.gd:161)
2025-05-25 10:55:08 INFO       [database]                                    Retrieved all cards { "count": 19, "collection_name": "cards", "collection_key": "cards_0", "empty_result": false, "duration_ms": 1, "collection_id": -9223371828045543326 } (card_collection.gd:178)
2025-05-25 10:55:08 DEBUG      [database]                                    Validating card data structure { "sample_card_keys": ["abilities", "attack", "card_name", "description", "health", "id", "name", "tags", "tribe", "upgrade_level"], "required_keys": ["id", "name", "abilities", "health"], "collection_name": "cards", "collection_id": -9223371828045543326 } (card_collection.gd:199)
2025-05-25 10:55:08 DEBUG      [database]                                    Card data validation successful { "collection_name": "cards", "collection_id": -9223371828045543326 } (card_collection.gd:227)
2025-05-25 10:55:08 DEBUG      [database]                                    Firebase availability check { "available": false, "backend_type": "RefCounted" } (data_source.gd:210)
2025-05-25 10:55:08 INFO       [cache, database]                             Card cache activated { "count": 19, "duration_ms": 1, "data_source": "local", "instance_id": 109085459889 } (data_source.gd:237)
2025-05-25 10:55:08 INFO       [level, initialization]                       Setting up level { "level_name": "default" } (level_controller.gd:37)
2025-05-25 10:55:08 DEBUG      [clicker, game_state]                         RefillDistance set for level { "distance": (0.0, 225.0), "level": "default" } (level_controller.gd:51)
2025-05-25 10:55:08 DEBUG      [level, initialization]                       Creating blocks from level layout (level_controller.gd:60)
2025-05-25 10:55:08 DEBUG      [level, card]                                 Creating random block (level_controller.gd:92)
2025-05-25 10:55:08 DEBUG      [level, card]                                 Getting card from pool (level_controller.gd:99)
2025-05-25 10:55:08 DEBUG      [database, cache]                             Using card cache { "cache_size": 19, "collection_name": "cards", "collection_key": "cards_0", "collection_id": -9223371828045543326 } (card_collection.gd:28)
2025-05-25 10:55:08 INFO       [database]                                    Getting card info { "card_id": "0", "use_cache": true } (card_collection.gd:268)
2025-05-25 10:55:08 DEBUG      [database, cache]                             Using card cache { "cache_size": 19, "collection_name": "cards", "collection_key": "cards_0", "collection_id": -9223371828045543326 } (card_collection.gd:28)
2025-05-25 10:55:08 DEBUG      [database]                                    Card found { "card_id": "0" } (card_collection.gd:274)
2025-05-25 10:55:08 DEBUG      [game_state, event]                           Resolving core event { "event_type": "RefCounted" } (game.gd:91)
2025-05-25 10:55:08 DEBUG      [level, grid]                                 Adding block to grid { "grid_pos": (0, 0), "block_type": 1, "refill": 0 } (level_controller.gd:106)
2025-05-25 10:55:08 DEBUG      [game_state, event]                           Resolving core event { "event_type": "RefCounted" } (game.gd:91)
2025-05-25 10:55:08 DEBUG      [level, card]                                 Creating random block (level_controller.gd:92)
2025-05-25 10:55:08 DEBUG      [level, card]                                 Getting card from pool (level_controller.gd:99)
2025-05-25 10:55:08 DEBUG      [database, cache]                             Using card cache { "cache_size": 19, "collection_name": "cards", "collection_key": "cards_0", "collection_id": -9223371828045543326 } (card_collection.gd:28)
2025-05-25 10:55:08 INFO       [database]                                    Getting card info { "card_id": "12", "use_cache": true } (card_collection.gd:268)
2025-05-25 10:55:08 DEBUG      [database, cache]                             Using card cache { "cache_size": 19, "collection_name": "cards", "collection_key": "cards_0", "collection_id": -9223371828045543326 } (card_collection.gd:28)
2025-05-25 10:55:08 DEBUG      [database]                                    Card found { "card_id": "12" } (card_collection.gd:274)
2025-05-25 10:55:08 DEBUG      [game_state, event]                           Resolving core event { "event_type": "RefCounted" } (game.gd:91)
2025-05-25 10:55:08 DEBUG      [level, grid]                                 Adding block to grid { "grid_pos": (1, 0), "block_type": 1, "refill": 0 } (level_controller.gd:106)
2025-05-25 10:55:08 DEBUG      [game_state, event]                           Resolving core event { "event_type": "RefCounted" } (game.gd:91)
2025-05-25 10:55:08 DEBUG      [level, card]                                 Creating random block (level_controller.gd:92)
2025-05-25 10:55:08 DEBUG      [level, item]                                 Created item block (level_controller.gd:96)
2025-05-25 10:55:08 DEBUG      [game_state, event]                           Resolving core event { "event_type": "RefCounted" } (game.gd:91)
2025-05-25 10:55:08 DEBUG      [level, grid]                                 Adding block to grid { "grid_pos": (2, 0), "block_type": 9, "refill": 0 } (level_controller.gd:106)
2025-05-25 10:55:08 DEBUG      [game_state, event]                           Resolving core event { "event_type": "RefCounted" } (game.gd:91)
2025-05-25 10:55:08 DEBUG      [level, card]                                 Creating random block (level_controller.gd:92)
2025-05-25 10:55:08 DEBUG      [level, card]                                 Getting card from pool (level_controller.gd:99)
2025-05-25 10:55:08 DEBUG      [database, cache]                             Using card cache { "cache_size": 19, "collection_name": "cards", "collection_key": "cards_0", "collection_id": -9223371828045543326 } (card_collection.gd:28)
2025-05-25 10:55:08 INFO       [database]                                    Getting card info { "card_id": "0", "use_cache": true } (card_collection.gd:268)
2025-05-25 10:55:08 DEBUG      [database, cache]                             Using card cache { "cache_size": 19, "collection_name": "cards", "collection_key": "cards_0", "collection_id": -9223371828045543326 } (card_collection.gd:28)
2025-05-25 10:55:08 DEBUG      [database]                                    Card found { "card_id": "0" } (card_collection.gd:274)
2025-05-25 10:55:08 DEBUG      [game_state, event]                           Resolving core event { "event_type": "RefCounted" } (game.gd:91)
2025-05-25 10:55:08 DEBUG      [level, grid]                                 Adding block to grid { "grid_pos": (3, 0), "block_type": 1, "refill": 0 } (level_controller.gd:106)
2025-05-25 10:55:08 DEBUG      [game_state, event]                           Resolving core event { "event_type": "RefCounted" } (game.gd:91)
2025-05-25 10:55:08 DEBUG      [level, card]                                 Creating random block (level_controller.gd:92)
2025-05-25 10:55:08 DEBUG      [level, card]                                 Getting card from pool (level_controller.gd:99)
2025-05-25 10:55:08 DEBUG      [database, cache]                             Using card cache { "cache_size": 19, "collection_name": "cards", "collection_key": "cards_0", "collection_id": -9223371828045543326 } (card_collection.gd:28)
2025-05-25 10:55:08 INFO       [database]                                    Getting card info { "card_id": "12", "use_cache": true } (card_collection.gd:268)
2025-05-25 10:55:08 DEBUG      [database, cache]                             Using card cache { "cache_size": 19, "collection_name": "cards", "collection_key": "cards_0", "collection_id": -9223371828045543326 } (card_collection.gd:28)
2025-05-25 10:55:08 DEBUG      [database]                                    Card found { "card_id": "12" } (card_collection.gd:274)
2025-05-25 10:55:08 DEBUG      [game_state, event]                           Resolving core event { "event_type": "RefCounted" } (game.gd:91)
2025-05-25 10:55:08 DEBUG      [level, grid]                                 Adding block to grid { "grid_pos": (4, 0), "block_type": 1, "refill": 0 } (level_controller.gd:106)
2025-05-25 10:55:08 DEBUG      [game_state, event]                           Resolving core event { "event_type": "RefCounted" } (game.gd:91)
2025-05-25 10:55:08 DEBUG      [game_state, event]                           Resolving core event { "event_type": "RefCounted" } (game.gd:91)
2025-05-25 10:55:08 DEBUG      [level, grid]                                 Adding block to grid { "grid_pos": (0, 1), "block_type": 4, "refill": 0 } (level_controller.gd:106)
2025-05-25 10:55:08 DEBUG      [game_state, event]                           Resolving core event { "event_type": "RefCounted" } (game.gd:91)
2025-05-25 10:55:08 DEBUG      [game_state, event]                           Resolving core event { "event_type": "RefCounted" } (game.gd:91)
2025-05-25 10:55:08 DEBUG      [level, grid]                                 Adding block to grid { "grid_pos": (0, 2), "block_type": 4, "refill": 0 } (level_controller.gd:106)
2025-05-25 10:55:08 DEBUG      [game_state, event]                           Resolving core event { "event_type": "RefCounted" } (game.gd:91)
2025-05-25 10:55:08 DEBUG      [game_state, event]                           Resolving core event { "event_type": "RefCounted" } (game.gd:91)
2025-05-25 10:55:08 DEBUG      [level, grid]                                 Adding block to grid { "grid_pos": (0, 3), "block_type": 4, "refill": 0 } (level_controller.gd:106)
2025-05-25 10:55:08 DEBUG      [game_state, event]                           Resolving core event { "event_type": "RefCounted" } (game.gd:91)
2025-05-25 10:55:08 DEBUG      [game_state, event]                           Resolving core event { "event_type": "RefCounted" } (game.gd:91)
2025-05-25 10:55:08 DEBUG      [level, grid]                                 Adding block to grid { "grid_pos": (4, 1), "block_type": 4, "refill": 0 } (level_controller.gd:106)
2025-05-25 10:55:08 DEBUG      [game_state, event]                           Resolving core event { "event_type": "RefCounted" } (game.gd:91)
2025-05-25 10:55:08 DEBUG      [game_state, event]                           Resolving core event { "event_type": "RefCounted" } (game.gd:91)
2025-05-25 10:55:08 DEBUG      [level, grid]                                 Adding block to grid { "grid_pos": (4, 2), "block_type": 4, "refill": 0 } (level_controller.gd:106)
2025-05-25 10:55:08 DEBUG      [game_state, event]                           Resolving core event { "event_type": "RefCounted" } (game.gd:91)
2025-05-25 10:55:08 DEBUG      [game_state, event]                           Resolving core event { "event_type": "RefCounted" } (game.gd:91)
2025-05-25 10:55:08 DEBUG      [level, grid]                                 Adding block to grid { "grid_pos": (4, 3), "block_type": 4, "refill": 0 } (level_controller.gd:106)
2025-05-25 10:55:08 DEBUG      [game_state, event]                           Resolving core event { "event_type": "RefCounted" } (game.gd:91)
2025-05-25 10:55:08 DEBUG      [game_state, event]                           Resolving core event { "event_type": "RefCounted" } (game.gd:91)
2025-05-25 10:55:08 DEBUG      [level, grid]                                 Adding block to grid { "grid_pos": (1, 1), "block_type": 5, "refill": 0 } (level_controller.gd:106)
2025-05-25 10:55:08 DEBUG      [game_state, event]                           Resolving core event { "event_type": "RefCounted" } (game.gd:91)
2025-05-25 10:55:08 DEBUG      [game_state, event]                           Resolving core event { "event_type": "RefCounted" } (game.gd:91)
2025-05-25 10:55:08 DEBUG      [level, grid]                                 Adding block to grid { "grid_pos": (2, 1), "block_type": 5, "refill": 0 } (level_controller.gd:106)
2025-05-25 10:55:08 DEBUG      [game_state, event]                           Resolving core event { "event_type": "RefCounted" } (game.gd:91)
2025-05-25 10:55:08 DEBUG      [game_state, event]                           Resolving core event { "event_type": "RefCounted" } (game.gd:91)
2025-05-25 10:55:08 DEBUG      [level, grid]                                 Adding block to grid { "grid_pos": (3, 1), "block_type": 5, "refill": 0 } (level_controller.gd:106)
2025-05-25 10:55:08 DEBUG      [game_state, event]                           Resolving core event { "event_type": "RefCounted" } (game.gd:91)
2025-05-25 10:55:08 DEBUG      [game_state, event]                           Resolving core event { "event_type": "RefCounted" } (game.gd:91)
2025-05-25 10:55:08 DEBUG      [level, grid]                                 Adding block to grid { "grid_pos": (1, 2), "block_type": 5, "refill": 0 } (level_controller.gd:106)
2025-05-25 10:55:08 DEBUG      [game_state, event]                           Resolving core event { "event_type": "RefCounted" } (game.gd:91)
2025-05-25 10:55:08 DEBUG      [game_state, event]                           Resolving core event { "event_type": "RefCounted" } (game.gd:91)
2025-05-25 10:55:08 DEBUG      [level, grid]                                 Adding block to grid { "grid_pos": (2, 2), "block_type": 5, "refill": 0 } (level_controller.gd:106)
2025-05-25 10:55:08 DEBUG      [game_state, event]                           Resolving core event { "event_type": "RefCounted" } (game.gd:91)
2025-05-25 10:55:08 DEBUG      [game_state, event]                           Resolving core event { "event_type": "RefCounted" } (game.gd:91)
2025-05-25 10:55:08 DEBUG      [level, grid]                                 Adding block to grid { "grid_pos": (3, 2), "block_type": 5, "refill": 0 } (level_controller.gd:106)
2025-05-25 10:55:08 DEBUG      [game_state, event]                           Resolving core event { "event_type": "RefCounted" } (game.gd:91)
2025-05-25 10:55:08 DEBUG      [game_state, event]                           Resolving core event { "event_type": "RefCounted" } (game.gd:91)
2025-05-25 10:55:08 DEBUG      [level, grid]                                 Adding block to grid { "grid_pos": (1, 3), "block_type": 5, "refill": 0 } (level_controller.gd:106)
2025-05-25 10:55:08 DEBUG      [game_state, event]                           Resolving core event { "event_type": "RefCounted" } (game.gd:91)
2025-05-25 10:55:08 DEBUG      [game_state, event]                           Resolving core event { "event_type": "RefCounted" } (game.gd:91)
2025-05-25 10:55:08 DEBUG      [level, grid]                                 Adding block to grid { "grid_pos": (2, 3), "block_type": 5, "refill": 0 } (level_controller.gd:106)
2025-05-25 10:55:08 DEBUG      [game_state, event]                           Resolving core event { "event_type": "RefCounted" } (game.gd:91)
2025-05-25 10:55:08 DEBUG      [game_state, event]                           Resolving core event { "event_type": "RefCounted" } (game.gd:91)
2025-05-25 10:55:08 DEBUG      [level, grid]                                 Adding block to grid { "grid_pos": (3, 3), "block_type": 5, "refill": 0 } (level_controller.gd:106)
2025-05-25 10:55:08 DEBUG      [game_state, event]                           Resolving core event { "event_type": "RefCounted" } (game.gd:91)
2025-05-25 10:55:08 INFO       [initialization, system]                      Initializing game (game.gd:61)
2025-05-25 10:55:08 INFO       [cache, database]                             Activating card cache { "instance_id": 109085459889 } (data_source.gd:226)
2025-05-25 10:55:08 DEBUG      [database, cache]                             Using card cache { "cache_size": 19, "collection_name": "cards", "collection_key": "cards_0", "collection_id": -9223371828045543326 } (card_collection.gd:28)
2025-05-25 10:55:08 DEBUG      [database]                                    Firebase availability check { "available": false, "backend_type": "RefCounted" } (data_source.gd:210)
2025-05-25 10:55:08 INFO       [cache, database]                             Card cache activated { "count": 19, "duration_ms": 0, "data_source": "local", "instance_id": 109085459889 } (data_source.gd:237)
2025-05-25 10:55:08 INFO       [game_state, state_transition]                Game state changing { "from": "START", "to": "START" } (game_handler.gd:7)
2025-05-25 10:55:08 DEBUG      [database]                                    Active collections { "collections": { "cards": true, "levels": true, "items": true, "players": true, "events": true, "rules": true }, "active_count": 6, "backend_type": "RefCounted", "instance_id": 109085459889 } (data_source.gd:384)
2025-05-25 10:55:08 INFO       [game_state]                                  Game starting (game.gd:266)
2025-05-25 10:55:08 DEBUG      [game_state, event]                           Resolving core event { "event_type": "RefCounted" } (game.gd:91)
2025-05-25 10:55:08 INFO       [game_state, state_transition]                Game state transition { "from": "START", "to": "PREPARE" } (game.gd:120)
2025-05-25 10:55:08 INFO       [game_state, state_transition]                Game state changing { "from": "START", "to": "PREPARE" } (game_handler.gd:7)
2025-05-25 10:55:08 DEBUG      [game_state, ui]                              Switching to preparation mode (game.gd:282)
