Godot Engine v4.5.dev.custom_build.4a0ce10a5 (2025-05-12 06:44:00 UTC) - https://godotengine.org
ERROR: Can't create shader cache folder, no shader caching will happen: user://
   at: RasterizerGLES3 (drivers/gles3/rasterizer_gles3.cpp:343)
OpenGL API 4.1 Metal - 89.4 - Compatibility - Using Device: Apple - Apple M1 Pro

ERROR: '"for" iterator variable "part" has no static type.'
ERROR: 'Casting "Variant" to "int" is unsafe.'
ERROR: 'Variable "err_msg" has an implicitly inferred static type.'
ERROR: 'Variable "signal_helper" has an implicitly inferred static type.'
ERROR: 'Variable "timeout_timer" has an implicitly inferred static type.'
ERROR: 'Variable "timeout_callable" has an implicitly inferred static type.'
ERROR: 'Casting "Variant" to "int" is unsafe.'
ERROR: 'Casting "Variant" to "int" is unsafe.'
ERROR: 'Integer used when an enum value is expected. If this is intended cast the integer to the enum type.'
ERROR: 'Casting "Variant" to "int" is unsafe.'
ERROR: 'Casting "Variant" to "int" is unsafe.'
ERROR: 'Variable "temp_signal_helper" has no static type.'
ERROR: 'Casting "Variant" to "bool" is unsafe.'
ERROR: 'Casting "Variant" to "String" is unsafe.'
ERROR: 'Casting "Variant" to "bool" is unsafe.'
ERROR: 'Casting "Variant" to "bool" is unsafe.'
ERROR: '"for" iterator variable "key_name" has no static type.'
ERROR: '"await" keyword not needed in this case, because the expression isn't a coroutine nor a signal.'
ERROR: 'Casting "Variant" to "Object" is unsafe.'
ERROR: 'Casting "Variant" to "Object" is unsafe.'
ERROR: 'Casting "Variant" to "FirebaseBackend" is unsafe.'
ERROR: 'Variable "fb_backend_typed_instance" has an implicitly inferred static type.'
ERROR: 'Casting "Variant" to "Object" is unsafe.'
ERROR: 'Values of the ternary operator are not mutually compatible.'
ERROR: 'Casting "Variant" to "Object" is unsafe.'
ERROR: 'The argument 1 of the constructor "int()" requires the subtype "int", "bool", or "float" but the supertype "Variant" was provided.'
ERROR: 'The local function parameter "name" is shadowing an already-declared property in the base class "Node".'
ERROR: 'Variable "action" has an implicitly inferred static type.'
ERROR: 'The argument 1 of the function "assign()" requires the subtype "Array" but the supertype "Variant" was provided.'
ERROR: '"for" iterator variable "group" has no static type.'
ERROR: 'The argument 1 of the function "append_array()" requires the subtype "Array" but the supertype "Variant" was provided.'
ERROR: 'The argument 1 of the function "append_array()" requires the subtype "Array" but the supertype "Variant" was provided.'
ERROR: 'Function "<anonymous lambda>()" has no static return type.'
ERROR: '"for" iterator variable "i" has an implicitly inferred static type.'
ERROR: 'Function "<anonymous lambda>()" has no static return type.'
ERROR: 'Function "<anonymous lambda>()" has no static return type.'
ERROR: 'Function "<anonymous lambda>()" has no static return type.'
ERROR: 'Function "<anonymous lambda>()" has no static return type.'
ERROR: 'Function "<anonymous lambda>()" has no static return type.'
ERROR: 'Function "<anonymous lambda>()" has no static return type.'
ERROR: 'Variable "dir_path" has an implicitly inferred static type.'
ERROR: 'Variable "dir" has an implicitly inferred static type.'
ERROR: 'Variable "file_name" has an implicitly inferred static type.'
ERROR: 'Variable "resource_path" has an implicitly inferred static type.'
ERROR: 'Variable "resource" has no static type.'
ERROR: 'The argument 1 of the function "register_action()" requires the subtype "ManualDebugAction" but the supertype "Variant" was provided.'
ERROR: '"for" iterator variable "n" has an implicitly inferred static type.'
ERROR: 'Variable "new_card" has no static type.'
ERROR: 'The argument 1 of the function "new()" requires the subtype "Card" but the supertype "Variant" was provided.'
ERROR: '"for" iterator variable "n" has an implicitly inferred static type.'
ERROR: 'Variable "new_card" has no static type.'
ERROR: 'The argument 1 of the function "new()" requires the subtype "Card" but the supertype "Variant" was provided.'
ERROR: 'Function "_ready()" has no static return type.'
ERROR: 'The parameter "target_node" is never used in the function "execute()". If this is intended, prefix it with an underscore: "_target_node".'
ERROR: 'Variable "label" has no static type.'
ERROR: 'Variable "color_tag" has no static type.'
ERROR: 'Variable "error_info" has no static type.'
DebugActionRegistry instance created
ERROR: 'Parameter "event_type" has no static type.'
ERROR: 'The parameter "args" is never used in the function "_on_debug_event()". If this is intended, prefix it with an underscore: "_args".'

Debugger Break, Reason: 'Parser Error: Could not find type "ManualActionDataService" in the current scope.'
*Frame 0 - res://debug/debug_menu_controller.gd:30 in function ''
Enter "help" for assistance.
debug> 